10-04-2021 20:22:34.447 [Gauge] [INFO] Watching directory: C:\Users\YEK\Desktop\TestAutomationProjects\AkbankMobileTest\specs
10-04-2021 20:22:34.449 [Gauge] [DEBUG] Found 1 files
10-04-2021 20:22:34.450 [Gauge] [INFO] Initializing concepts cache with 0 concepts
10-04-2021 20:22:34.497 [Gauge] [INFO] Initializing specs cache with 1 specs
10-04-2021 20:22:34.497 [Gauge] [DEBUG] Adding specs from C:\Users\YEK\Desktop\TestAutomationProjects\AkbankMobileTest\specs\example.spec
10-04-2021 20:22:34.498 [Gauge] [INFO] Initializing steps cache with 1 steps
10-04-2021 20:22:34.499 [Gauge] [INFO] Gauge daemon initialized and listening on port: 55361
10-04-2021 20:22:46.438 [Gauge] [DEBUG] Api Request Received: messageType:GetStepValueRequest messageId:4 stepValueRequest:<stepText:"Check that <key> is seen" > 
10-04-2021 20:22:46.440 [Gauge] [DEBUG] Sending API response: messageType:GetStepValueResponse messageId:4 stepValueResponse:<stepValue:<stepValue:"Check that {} is seen" parameterizedStepValue:"Check that <key> is seen" parameters:"key" > > 
10-04-2021 20:22:46.649 [Gauge] [DEBUG] Api Request Received: messageType:GetStepValueRequest messageId:4 stepValueRequest:<stepText:"Open the Gauge homepage" > 
10-04-2021 20:22:46.649 [Gauge] [DEBUG] Sending API response: messageType:GetStepValueResponse messageId:4 stepValueResponse:<stepValue:<stepValue:"Open the Gauge homepage" parameterizedStepValue:"Open the Gauge homepage" > > 
10-04-2021 20:22:46.649 [Gauge] [DEBUG] Api Request Received: messageType:GetStepValueRequest messageId:4 stepValueRequest:<stepText:"Go to Gauge Get Started Page" > 
10-04-2021 20:22:46.650 [Gauge] [DEBUG] Sending API response: messageType:GetStepValueResponse messageId:4 stepValueResponse:<stepValue:<stepValue:"Go to Gauge Get Started Page" parameterizedStepValue:"Go to Gauge Get Started Page" > > 
10-04-2021 20:22:46.650 [Gauge] [DEBUG] Api Request Received: messageType:GetStepValueRequest messageId:4 stepValueRequest:<stepText:"Ensure installation instructions are available" > 
10-04-2021 20:22:46.650 [Gauge] [DEBUG] Sending API response: messageType:GetStepValueResponse messageId:4 stepValueResponse:<stepValue:<stepValue:"Ensure installation instructions are available" parameterizedStepValue:"Ensure installation instructions are available" > > 
10-04-2021 20:23:19.428 [Gauge] [DEBUG] Api Request Received: messageType:GetStepValueRequest messageId:4 stepValueRequest:<> 
10-04-2021 20:23:19.428 [Gauge] [DEBUG] Sending API response: messageType:GetStepValueResponse messageId:4 stepValueResponse:<stepValue:<> > 
10-04-2021 20:23:19.431 [Gauge] [DEBUG] Api Request Received: messageType:GetStepValueRequest messageId:4 stepValueRequest:<> 
10-04-2021 20:23:19.431 [Gauge] [DEBUG] Sending API response: messageType:GetStepValueResponse messageId:4 stepValueResponse:<stepValue:<> > 
10-04-2021 20:23:19.494 [Gauge] [DEBUG] Api Request Received: messageType:GetStepValueRequest messageId:4 stepValueRequest:<> 
10-04-2021 20:23:19.494 [Gauge] [DEBUG] Sending API response: messageType:GetStepValueResponse messageId:4 stepValueResponse:<stepValue:<> > 
10-04-2021 20:23:19.494 [Gauge] [DEBUG] Api Request Received: messageType:GetStepValueRequest messageId:4 stepValueRequest:<> 
10-04-2021 20:23:19.494 [Gauge] [DEBUG] Sending API response: messageType:GetStepValueResponse messageId:4 stepValueResponse:<stepValue:<> > 
10-04-2021 20:23:19.552 [Gauge] [DEBUG] Api Request Received: messageType:GetStepValueRequest messageId:4 stepValueRequest:<> 
10-04-2021 20:23:19.552 [Gauge] [DEBUG] Sending API response: messageType:GetStepValueResponse messageId:4 stepValueResponse:<stepValue:<> > 
10-04-2021 20:23:19.555 [Gauge] [DEBUG] Api Request Received: messageType:GetStepValueRequest messageId:4 stepValueRequest:<> 
10-04-2021 20:23:19.555 [Gauge] [DEBUG] Sending API response: messageType:GetStepValueResponse messageId:4 stepValueResponse:<stepValue:<> > 
10-04-2021 20:23:19.619 [Gauge] [DEBUG] Api Request Received: messageType:GetStepValueRequest messageId:4 stepValueRequest:<> 
10-04-2021 20:23:19.619 [Gauge] [DEBUG] Sending API response: messageType:GetStepValueResponse messageId:4 stepValueResponse:<stepValue:<> > 
10-04-2021 20:23:19.620 [Gauge] [DEBUG] Api Request Received: messageType:GetStepValueRequest messageId:4 stepValueRequest:<> 
10-04-2021 20:23:19.620 [Gauge] [DEBUG] Sending API response: messageType:GetStepValueResponse messageId:4 stepValueResponse:<stepValue:<> > 
10-04-2021 20:23:19.664 [Gauge] [DEBUG] Api Request Received: messageType:GetStepValueRequest messageId:4 stepValueRequest:<> 
10-04-2021 20:23:19.664 [Gauge] [DEBUG] Sending API response: messageType:GetStepValueResponse messageId:4 stepValueResponse:<stepValue:<> > 
10-04-2021 20:23:19.665 [Gauge] [DEBUG] Api Request Received: messageType:GetStepValueRequest messageId:4 stepValueRequest:<> 
10-04-2021 20:23:19.665 [Gauge] [DEBUG] Sending API response: messageType:GetStepValueResponse messageId:4 stepValueResponse:<stepValue:<> > 
10-04-2021 20:23:19.712 [Gauge] [DEBUG] Api Request Received: messageType:GetStepValueRequest messageId:4 stepValueRequest:<> 
10-04-2021 20:23:19.712 [Gauge] [DEBUG] Sending API response: messageType:GetStepValueResponse messageId:4 stepValueResponse:<stepValue:<> > 
10-04-2021 20:23:19.713 [Gauge] [DEBUG] Api Request Received: messageType:GetStepValueRequest messageId:4 stepValueRequest:<> 
10-04-2021 20:23:19.713 [Gauge] [DEBUG] Sending API response: messageType:GetStepValueResponse messageId:4 stepValueResponse:<stepValue:<> > 
10-04-2021 20:23:19.859 [Gauge] [DEBUG] Api Request Received: messageType:GetStepValueRequest messageId:4 stepValueRequest:<> 
10-04-2021 20:23:19.859 [Gauge] [DEBUG] Sending API response: messageType:GetStepValueResponse messageId:4 stepValueResponse:<stepValue:<> > 
10-04-2021 20:23:19.862 [Gauge] [DEBUG] Api Request Received: messageType:GetStepValueRequest messageId:4 stepValueRequest:<> 
10-04-2021 20:23:19.863 [Gauge] [DEBUG] Sending API response: messageType:GetStepValueResponse messageId:4 stepValueResponse:<stepValue:<> > 
10-04-2021 20:23:19.863 [Gauge] [DEBUG] Api Request Received: messageType:GetStepValueRequest messageId:4 stepValueRequest:<> 
10-04-2021 20:23:19.863 [Gauge] [DEBUG] Sending API response: messageType:GetStepValueResponse messageId:4 stepValueResponse:<stepValue:<> > 
10-04-2021 20:23:19.936 [Gauge] [DEBUG] Api Request Received: messageType:GetAllStepsRequest messageId:2 allStepsRequest:<> 
10-04-2021 20:23:19.936 [Gauge] [DEBUG] Sending API response: messageType:GetAllStepResponse messageId:2 allStepsResponse:<allSteps:<stepValue:"Ensure installation instructions are available" parameterizedStepValue:"Ensure installation instructions are available" > allSteps:<stepValue:"Open the Gauge homepage" parameterizedStepValue:"Open the Gauge homepage" > allSteps:<stepValue:"Go to Gauge Get Started Page" parameterizedStepValue:"Go to Gauge Get Started Page" > > 
10-04-2021 20:23:19.940 [Gauge] [DEBUG] Api Request Received: messageType:GetAllConceptsRequest messageId:6 allConceptsRequest:<> 
10-04-2021 20:23:19.941 [Gauge] [DEBUG] Sending API response: messageType:GetAllConceptsResponse messageId:6 allConceptsResponse:<> 
10-04-2021 20:23:21.106 [Gauge] [DEBUG] Api Request Received: messageType:GetStepValueRequest messageId:4 stepValueRequest:<stepText:"Check that \"key\" is seen" > 
10-04-2021 20:23:21.106 [Gauge] [DEBUG] Sending API response: messageType:GetStepValueResponse messageId:4 stepValueResponse:<stepValue:<stepValue:"Check that {} is seen" parameterizedStepValue:"Check that <key> is seen" parameters:"key" > > 
10-04-2021 20:23:22.476 [Gauge] [DEBUG] Api Request Received: messageType:GetStepValueRequest messageId:4 stepValueRequest:<stepText:"Check that \"\304\260\" is seen" > 
10-04-2021 20:23:22.476 [Gauge] [DEBUG] Sending API response: messageType:GetStepValueResponse messageId:4 stepValueResponse:<stepValue:<stepValue:"Check that {} is seen" parameterizedStepValue:"Check that <\304\260> is seen" parameters:"\304\260" > > 
10-04-2021 20:23:22.845 [Gauge] [DEBUG] Api Request Received: messageType:GetStepValueRequest messageId:4 stepValueRequest:<stepText:"Check that \"\304\260y\" is seen" > 
10-04-2021 20:23:22.845 [Gauge] [DEBUG] Sending API response: messageType:GetStepValueResponse messageId:4 stepValueResponse:<stepValue:<stepValue:"Check that {} is seen" parameterizedStepValue:"Check that <\304\260y> is seen" parameters:"\304\260y" > > 
10-04-2021 20:23:22.914 [Gauge] [DEBUG] Api Request Received: messageType:GetStepValueRequest messageId:4 stepValueRequest:<stepText:"Check that \"\304\260yi\" is seen" > 
10-04-2021 20:23:22.914 [Gauge] [DEBUG] Sending API response: messageType:GetStepValueResponse messageId:4 stepValueResponse:<stepValue:<stepValue:"Check that {} is seen" parameterizedStepValue:"Check that <\304\260yi> is seen" parameters:"\304\260yi" > > 
10-04-2021 20:23:24.342 [Gauge] [INFO] Spec file added / modified: C:\Users\YEK\Desktop\TestAutomationProjects\AkbankMobileTest\specs\example.spec
10-04-2021 20:23:24.344 [Gauge] [INFO] Spec file added / modified: C:\Users\YEK\Desktop\TestAutomationProjects\AkbankMobileTest\specs\example.spec
10-04-2021 20:40:11.393 [Gauge] [DEBUG] Api Request Received: messageType:GetStepValueRequest messageId:4 stepValueRequest:<stepText:"Then " > 
10-04-2021 20:40:11.393 [Gauge] [DEBUG] Sending API response: messageType:GetStepValueResponse messageId:4 stepValueResponse:<stepValue:<stepValue:"Then" parameterizedStepValue:"Then" > > 
10-04-2021 20:40:13.069 [Gauge] [DEBUG] Api Request Received: messageType:GetStepValueRequest messageId:4 stepValueRequest:<stepText:"Then click" > 
10-04-2021 20:40:13.069 [Gauge] [DEBUG] Sending API response: messageType:GetStepValueResponse messageId:4 stepValueResponse:<stepValue:<stepValue:"Then click" parameterizedStepValue:"Then click" > > 
10-04-2021 20:40:13.961 [Gauge] [DEBUG] Api Request Received: messageType:GetStepValueRequest messageId:4 stepValueRequest:<stepText:"Then click " > 
10-04-2021 20:40:13.961 [Gauge] [DEBUG] Sending API response: messageType:GetStepValueResponse messageId:4 stepValueResponse:<stepValue:<stepValue:"Then click" parameterizedStepValue:"Then click" > > 
10-04-2021 20:40:16.862 [Gauge] [DEBUG] Api Request Received: messageType:GetStepValueRequest messageId:4 stepValueRequest:<stepText:"Then click E" > 
10-04-2021 20:40:16.862 [Gauge] [DEBUG] Sending API response: messageType:GetStepValueResponse messageId:4 stepValueResponse:<stepValue:<stepValue:"Then click E" parameterizedStepValue:"Then click E" > > 
10-04-2021 20:40:17.357 [Gauge] [DEBUG] Api Request Received: messageType:GetStepValueRequest messageId:4 stepValueRequest:<stepText:"Then click En" > 
10-04-2021 20:40:17.357 [Gauge] [DEBUG] Sending API response: messageType:GetStepValueResponse messageId:4 stepValueResponse:<stepValue:<stepValue:"Then click En" parameterizedStepValue:"Then click En" > > 
10-04-2021 20:40:19.414 [Gauge] [DEBUG] Api Request Received: messageType:GetStepValueRequest messageId:4 stepValueRequest:<stepText:"Then click EN YAKIN" > 
10-04-2021 20:40:19.414 [Gauge] [DEBUG] Sending API response: messageType:GetStepValueResponse messageId:4 stepValueResponse:<stepValue:<stepValue:"Then click EN YAKIN" parameterizedStepValue:"Then click EN YAKIN" > > 
10-04-2021 20:40:19.910 [Gauge] [DEBUG] Api Request Received: messageType:GetStepValueRequest messageId:4 stepValueRequest:<stepText:"Then click EN YAKI" > 
10-04-2021 20:40:19.910 [Gauge] [DEBUG] Sending API response: messageType:GetStepValueResponse messageId:4 stepValueResponse:<stepValue:<stepValue:"Then click EN YAKI" parameterizedStepValue:"Then click EN YAKI" > > 
10-04-2021 20:40:21.696 [Gauge] [DEBUG] Api Request Received: messageType:GetStepValueRequest messageId:4 stepValueRequest:<stepText:"Then click EN YAKIN AKBANK" > 
10-04-2021 20:40:21.696 [Gauge] [DEBUG] Sending API response: messageType:GetStepValueResponse messageId:4 stepValueResponse:<stepValue:<stepValue:"Then click EN YAKIN AKBANK" parameterizedStepValue:"Then click EN YAKIN AKBANK" > > 
10-04-2021 20:42:23.139 [Gauge] [INFO] Spec file added / modified: C:\Users\YEK\Desktop\TestAutomationProjects\AkbankMobileTest\specs\example.spec
10-04-2021 20:42:23.152 [Gauge] [INFO] Spec file added / modified: C:\Users\YEK\Desktop\TestAutomationProjects\AkbankMobileTest\specs\example.spec
10-04-2021 20:42:23.579 [Gauge] [DEBUG] Api Request Received: messageType:GetStepValueRequest messageId:4 stepValueRequest:<> 
10-04-2021 20:42:23.579 [Gauge] [DEBUG] Sending API response: messageType:GetStepValueResponse messageId:4 stepValueResponse:<stepValue:<> > 
10-04-2021 20:42:23.582 [Gauge] [DEBUG] Api Request Received: messageType:GetStepValueRequest messageId:4 stepValueRequest:<> 
10-04-2021 20:42:23.582 [Gauge] [DEBUG] Sending API response: messageType:GetStepValueResponse messageId:4 stepValueResponse:<stepValue:<> > 
10-04-2021 20:42:23.669 [Gauge] [DEBUG] Api Request Received: messageType:GetStepValueRequest messageId:4 stepValueRequest:<> 
10-04-2021 20:42:23.669 [Gauge] [DEBUG] Sending API response: messageType:GetStepValueResponse messageId:4 stepValueResponse:<stepValue:<> > 
10-04-2021 20:42:23.670 [Gauge] [DEBUG] Api Request Received: messageType:GetStepValueRequest messageId:4 stepValueRequest:<> 
10-04-2021 20:42:23.670 [Gauge] [DEBUG] Sending API response: messageType:GetStepValueResponse messageId:4 stepValueResponse:<stepValue:<> > 
10-04-2021 20:42:23.737 [Gauge] [DEBUG] Api Request Received: messageType:GetStepValueRequest messageId:4 stepValueRequest:<> 
10-04-2021 20:42:23.737 [Gauge] [DEBUG] Sending API response: messageType:GetStepValueResponse messageId:4 stepValueResponse:<stepValue:<> > 
10-04-2021 20:42:23.739 [Gauge] [DEBUG] Api Request Received: messageType:GetStepValueRequest messageId:4 stepValueRequest:<> 
10-04-2021 20:42:23.739 [Gauge] [DEBUG] Sending API response: messageType:GetStepValueResponse messageId:4 stepValueResponse:<stepValue:<> > 
10-04-2021 20:42:23.786 [Gauge] [DEBUG] Api Request Received: messageType:GetStepValueRequest messageId:4 stepValueRequest:<> 
10-04-2021 20:42:23.786 [Gauge] [DEBUG] Sending API response: messageType:GetStepValueResponse messageId:4 stepValueResponse:<stepValue:<> > 
10-04-2021 20:42:23.786 [Gauge] [DEBUG] Api Request Received: messageType:GetStepValueRequest messageId:4 stepValueRequest:<> 
10-04-2021 20:42:23.786 [Gauge] [DEBUG] Sending API response: messageType:GetStepValueResponse messageId:4 stepValueResponse:<stepValue:<> > 
10-04-2021 20:42:23.832 [Gauge] [DEBUG] Api Request Received: messageType:GetStepValueRequest messageId:4 stepValueRequest:<> 
10-04-2021 20:42:23.832 [Gauge] [DEBUG] Sending API response: messageType:GetStepValueResponse messageId:4 stepValueResponse:<stepValue:<> > 
10-04-2021 20:42:23.832 [Gauge] [DEBUG] Api Request Received: messageType:GetStepValueRequest messageId:4 stepValueRequest:<> 
10-04-2021 20:42:23.832 [Gauge] [DEBUG] Sending API response: messageType:GetStepValueResponse messageId:4 stepValueResponse:<stepValue:<> > 
10-04-2021 20:42:23.873 [Gauge] [DEBUG] Api Request Received: messageType:GetStepValueRequest messageId:4 stepValueRequest:<> 
10-04-2021 20:42:23.873 [Gauge] [DEBUG] Sending API response: messageType:GetStepValueResponse messageId:4 stepValueResponse:<stepValue:<> > 
10-04-2021 20:42:23.874 [Gauge] [DEBUG] Api Request Received: messageType:GetStepValueRequest messageId:4 stepValueRequest:<> 
10-04-2021 20:42:23.874 [Gauge] [DEBUG] Sending API response: messageType:GetStepValueResponse messageId:4 stepValueResponse:<stepValue:<> > 
10-04-2021 20:42:24.637 [Gauge] [INFO] Spec file added / modified: C:\Users\YEK\Desktop\TestAutomationProjects\AkbankMobileTest\specs\example.spec
10-04-2021 20:42:24.639 [Gauge] [INFO] Spec file added / modified: C:\Users\YEK\Desktop\TestAutomationProjects\AkbankMobileTest\specs\example.spec
10-04-2021 22:31:07.461 [Gauge] [DEBUG] Api Request Received: messageType:GetStepValueRequest messageId:4 stepValueRequest:<stepText:"Click menu bar on upper right corner" > 
10-04-2021 22:31:07.462 [Gauge] [DEBUG] Sending API response: messageType:GetStepValueResponse messageId:4 stepValueResponse:<stepValue:<stepValue:"Click menu bar on upper right corner" parameterizedStepValue:"Click menu bar on upper right corner" > > 
10-04-2021 22:31:07.487 [Gauge] [DEBUG] Api Request Received: messageType:GetStepValueRequest messageId:4 stepValueRequest:<stepText:"Click on the third ATM option" > 
10-04-2021 22:31:07.487 [Gauge] [DEBUG] Sending API response: messageType:GetStepValueResponse messageId:4 stepValueResponse:<stepValue:<stepValue:"Click on the third ATM option" parameterizedStepValue:"Click on the third ATM option" > > 
10-04-2021 22:31:07.497 [Gauge] [DEBUG] Api Request Received: messageType:GetStepValueRequest messageId:4 stepValueRequest:<stepText:"Click 'Yol Tarifi'" > 
10-04-2021 22:31:07.497 [Gauge] [DEBUG] Sending API response: messageType:GetStepValueResponse messageId:4 stepValueResponse:<stepValue:<stepValue:"Click 'Yol Tarifi'" parameterizedStepValue:"Click 'Yol Tarifi'" > > 
10-04-2021 22:32:28.926 [Gauge] [DEBUG] Api Request Received: messageType:GetStepValueRequest messageId:4 stepValueRequest:<stepText:"Click YOL" > 
10-04-2021 22:32:28.926 [Gauge] [DEBUG] Sending API response: messageType:GetStepValueResponse messageId:4 stepValueResponse:<stepValue:<stepValue:"Click YOL" parameterizedStepValue:"Click YOL" > > 
10-04-2021 22:32:29.499 [Gauge] [DEBUG] Api Request Received: messageType:GetStepValueRequest messageId:4 stepValueRequest:<stepText:"Click YOL " > 
10-04-2021 22:32:29.499 [Gauge] [DEBUG] Sending API response: messageType:GetStepValueResponse messageId:4 stepValueResponse:<stepValue:<stepValue:"Click YOL" parameterizedStepValue:"Click YOL" > > 
10-04-2021 22:32:30.393 [Gauge] [DEBUG] Api Request Received: messageType:GetStepValueRequest messageId:4 stepValueRequest:<stepText:"Click YOL TAE" > 
10-04-2021 22:32:30.393 [Gauge] [DEBUG] Sending API response: messageType:GetStepValueResponse messageId:4 stepValueResponse:<stepValue:<stepValue:"Click YOL TAE" parameterizedStepValue:"Click YOL TAE" > > 
10-04-2021 22:32:31.116 [Gauge] [DEBUG] Api Request Received: messageType:GetStepValueRequest messageId:4 stepValueRequest:<stepText:"Click YOL TA" > 
10-04-2021 22:32:31.116 [Gauge] [DEBUG] Sending API response: messageType:GetStepValueResponse messageId:4 stepValueResponse:<stepValue:<stepValue:"Click YOL TA" parameterizedStepValue:"Click YOL TA" > > 
10-04-2021 22:32:31.977 [Gauge] [DEBUG] Api Request Received: messageType:GetStepValueRequest messageId:4 stepValueRequest:<stepText:"Click YOL TAR" > 
10-04-2021 22:32:31.977 [Gauge] [DEBUG] Sending API response: messageType:GetStepValueResponse messageId:4 stepValueResponse:<stepValue:<stepValue:"Click YOL TAR" parameterizedStepValue:"Click YOL TAR" > > 
10-04-2021 22:32:32.808 [Gauge] [DEBUG] Api Request Received: messageType:GetStepValueRequest messageId:4 stepValueRequest:<stepText:"Click YOL TARIF" > 
10-04-2021 22:32:32.808 [Gauge] [DEBUG] Sending API response: messageType:GetStepValueResponse messageId:4 stepValueResponse:<stepValue:<stepValue:"Click YOL TARIF" parameterizedStepValue:"Click YOL TARIF" > > 
10-04-2021 22:32:33.204 [Gauge] [DEBUG] Api Request Received: messageType:GetStepValueRequest messageId:4 stepValueRequest:<stepText:"Click YOL TARIFI" > 
10-04-2021 22:32:33.204 [Gauge] [DEBUG] Sending API response: messageType:GetStepValueResponse messageId:4 stepValueResponse:<stepValue:<stepValue:"Click YOL TARIFI" parameterizedStepValue:"Click YOL TARIFI" > > 
10-04-2021 22:33:42.024 [Gauge] [DEBUG] Api Request Received: messageType:GetStepValueRequest messageId:4 stepValueRequest:<> 
10-04-2021 22:33:42.024 [Gauge] [DEBUG] Sending API response: messageType:GetStepValueResponse messageId:4 stepValueResponse:<stepValue:<> > 
10-04-2021 22:33:43.329 [Gauge] [INFO] Spec file added / modified: C:\Users\YEK\Desktop\TestAutomationProjects\AkbankMobileTest\specs\example.spec
10-04-2021 22:33:43.331 [Gauge] [INFO] Spec file added / modified: C:\Users\YEK\Desktop\TestAutomationProjects\AkbankMobileTest\specs\example.spec
10-04-2021 22:33:43.886 [Gauge] [DEBUG] Api Request Received: messageType:GetAllStepsRequest messageId:2 allStepsRequest:<> 
10-04-2021 22:33:43.886 [Gauge] [DEBUG] Sending API response: messageType:GetAllStepResponse messageId:2 allStepsResponse:<allSteps:<stepValue:"Check that {} is seen" parameterizedStepValue:"Check that <\304\260yi> is seen" parameters:"\304\260yi" > allSteps:<stepValue:"Then click EN YAKIN AKBANK" parameterizedStepValue:"Then click EN YAKIN AKBANK" > allSteps:<stepValue:"Click menu bar on upper right corner" parameterizedStepValue:"Click menu bar on upper right corner" > > 
10-04-2021 22:33:43.886 [Gauge] [DEBUG] Api Request Received: messageType:GetAllConceptsRequest messageId:6 allConceptsRequest:<> 
10-04-2021 22:33:43.886 [Gauge] [DEBUG] Sending API response: messageType:GetAllConceptsResponse messageId:6 allConceptsResponse:<> 
10-04-2021 22:33:50.697 [Gauge] [INFO] Spec file added / modified: C:\Users\YEK\Desktop\TestAutomationProjects\AkbankMobileTest\specs\example.spec
10-04-2021 22:33:50.699 [Gauge] [INFO] Spec file added / modified: C:\Users\YEK\Desktop\TestAutomationProjects\AkbankMobileTest\specs\example.spec
10-04-2021 22:33:53.148 [Gauge] [DEBUG] Api Request Received: messageType:GetStepValueRequest messageId:4 stepValueRequest:<> 
10-04-2021 22:33:53.148 [Gauge] [DEBUG] Sending API response: messageType:GetStepValueResponse messageId:4 stepValueResponse:<stepValue:<> > 
10-04-2021 22:33:54.954 [Gauge] [DEBUG] Api Request Received: messageType:GetStepValueRequest messageId:4 stepValueRequest:<> 
10-04-2021 22:33:54.954 [Gauge] [DEBUG] Sending API response: messageType:GetStepValueResponse messageId:4 stepValueResponse:<stepValue:<> > 
10-04-2021 22:33:55.137 [Gauge] [DEBUG] Api Request Received: messageType:GetAllStepsRequest messageId:2 allStepsRequest:<> 
10-04-2021 22:33:55.137 [Gauge] [DEBUG] Sending API response: messageType:GetAllStepResponse messageId:2 allStepsResponse:<allSteps:<stepValue:"Check that {} is seen" parameterizedStepValue:"Check that <\304\260yi> is seen" parameters:"\304\260yi" > allSteps:<stepValue:"Then click EN YAKIN AKBANK" parameterizedStepValue:"Then click EN YAKIN AKBANK" > allSteps:<stepValue:"Click menu bar on upper right corner" parameterizedStepValue:"Click menu bar on upper right corner" > allSteps:<stepValue:"Click on the third ATM option" parameterizedStepValue:"Click on the third ATM option" > > 
10-04-2021 22:33:55.137 [Gauge] [DEBUG] Api Request Received: messageType:GetAllConceptsRequest messageId:6 allConceptsRequest:<> 
10-04-2021 22:33:55.137 [Gauge] [DEBUG] Sending API response: messageType:GetAllConceptsResponse messageId:6 allConceptsResponse:<> 
10-04-2021 22:33:56.430 [Gauge] [DEBUG] Api Request Received: messageType:GetAllStepsRequest messageId:2 allStepsRequest:<> 
10-04-2021 22:33:56.430 [Gauge] [DEBUG] Sending API response: messageType:GetAllStepResponse messageId:2 allStepsResponse:<allSteps:<stepValue:"Then click EN YAKIN AKBANK" parameterizedStepValue:"Then click EN YAKIN AKBANK" > allSteps:<stepValue:"Click menu bar on upper right corner" parameterizedStepValue:"Click menu bar on upper right corner" > allSteps:<stepValue:"Click on the third ATM option" parameterizedStepValue:"Click on the third ATM option" > allSteps:<stepValue:"Check that {} is seen" parameterizedStepValue:"Check that <\304\260yi> is seen" parameters:"\304\260yi" > > 
10-04-2021 22:33:56.431 [Gauge] [DEBUG] Api Request Received: messageType:GetAllConceptsRequest messageId:6 allConceptsRequest:<> 
10-04-2021 22:33:56.431 [Gauge] [DEBUG] Sending API response: messageType:GetAllConceptsResponse messageId:6 allConceptsResponse:<> 
10-04-2021 22:33:58.462 [Gauge] [INFO] Spec file added / modified: C:\Users\YEK\Desktop\TestAutomationProjects\AkbankMobileTest\specs\example.spec
10-04-2021 22:33:58.465 [Gauge] [INFO] Spec file added / modified: C:\Users\YEK\Desktop\TestAutomationProjects\AkbankMobileTest\specs\example.spec
10-04-2021 22:38:07.712 [Gauge] [DEBUG] Api Request Received: messageType:GetStepValueRequest messageId:4 stepValueRequest:<stepText:"Click \342\200\234ATM\342\200\235 at the bottom of screen" > 
10-04-2021 22:38:07.712 [Gauge] [DEBUG] Sending API response: messageType:GetStepValueResponse messageId:4 stepValueResponse:<stepValue:<stepValue:"Click \342\200\234ATM\342\200\235 at the bottom of screen" parameterizedStepValue:"Click \342\200\234ATM\342\200\235 at the bottom of screen" > > 
10-04-2021 22:38:10.412 [Gauge] [DEBUG] Api Request Received: messageType:GetStepValueRequest messageId:4 stepValueRequest:<stepText:"Click A at the bottom of screen" > 
10-04-2021 22:38:10.412 [Gauge] [DEBUG] Sending API response: messageType:GetStepValueResponse messageId:4 stepValueResponse:<stepValue:<stepValue:"Click A at the bottom of screen" parameterizedStepValue:"Click A at the bottom of screen" > > 
10-04-2021 22:38:10.791 [Gauge] [DEBUG] Api Request Received: messageType:GetStepValueRequest messageId:4 stepValueRequest:<stepText:"Click AT at the bottom of screen" > 
10-04-2021 22:38:10.791 [Gauge] [DEBUG] Sending API response: messageType:GetStepValueResponse messageId:4 stepValueResponse:<stepValue:<stepValue:"Click AT at the bottom of screen" parameterizedStepValue:"Click AT at the bottom of screen" > > 
10-04-2021 22:38:11.196 [Gauge] [DEBUG] Api Request Received: messageType:GetStepValueRequest messageId:4 stepValueRequest:<stepText:"Click ATM at the bottom of screen" > 
10-04-2021 22:38:11.196 [Gauge] [DEBUG] Sending API response: messageType:GetStepValueResponse messageId:4 stepValueResponse:<stepValue:<stepValue:"Click ATM at the bottom of screen" parameterizedStepValue:"Click ATM at the bottom of screen" > > 
10-04-2021 22:38:19.866 [Gauge] [INFO] Spec file added / modified: C:\Users\YEK\Desktop\TestAutomationProjects\AkbankMobileTest\specs\example.spec
10-04-2021 22:38:19.876 [Gauge] [INFO] Spec file added / modified: C:\Users\YEK\Desktop\TestAutomationProjects\AkbankMobileTest\specs\example.spec
10-04-2021 22:38:31.145 [Gauge] [INFO] Spec file added / modified: C:\Users\YEK\Desktop\TestAutomationProjects\AkbankMobileTest\specs\example.spec
10-04-2021 22:38:31.147 [Gauge] [INFO] Spec file added / modified: C:\Users\YEK\Desktop\TestAutomationProjects\AkbankMobileTest\specs\example.spec
10-04-2021 23:38:54.661 [Gauge] [INFO] Spec file added / modified: C:\Users\YEK\Desktop\TestAutomationProjects\AkbankMobileTest\specs\example.spec
10-04-2021 23:38:54.670 [Gauge] [INFO] Spec file added / modified: C:\Users\YEK\Desktop\TestAutomationProjects\AkbankMobileTest\specs\example.spec
10-04-2021 23:38:55.284 [Gauge] [INFO] Spec file added / modified: C:\Users\YEK\Desktop\TestAutomationProjects\AkbankMobileTest\specs\example.spec
10-04-2021 23:38:55.292 [Gauge] [INFO] Spec file added / modified: C:\Users\YEK\Desktop\TestAutomationProjects\AkbankMobileTest\specs\example.spec
10-04-2021 23:38:55.593 [Gauge] [DEBUG] Api Request Received: messageType:GetStepValueRequest messageId:4 stepValueRequest:<stepText:"+" > 
10-04-2021 23:38:55.593 [Gauge] [DEBUG] Sending API response: messageType:GetStepValueResponse messageId:4 stepValueResponse:<stepValue:<stepValue:"+" parameterizedStepValue:"+" > > 
10-04-2021 23:38:56.466 [Gauge] [INFO] Spec file added / modified: C:\Users\YEK\Desktop\TestAutomationProjects\AkbankMobileTest\specs\example.spec
10-04-2021 23:38:56.481 [Gauge] [INFO] Spec file added / modified: C:\Users\YEK\Desktop\TestAutomationProjects\AkbankMobileTest\specs\example.spec
10-04-2021 23:38:56.773 [Gauge] [DEBUG] Api Request Received: messageType:GetStepValueRequest messageId:4 stepValueRequest:<> 
10-04-2021 23:38:56.773 [Gauge] [DEBUG] Sending API response: messageType:GetStepValueResponse messageId:4 stepValueResponse:<stepValue:<> > 
10-04-2021 23:39:08.503 [Gauge] [DEBUG] Api Request Received: messageType:GetStepValueRequest messageId:4 stepValueRequest:<stepText:"Check Google Maps is opened for directions" > 
10-04-2021 23:39:08.503 [Gauge] [DEBUG] Sending API response: messageType:GetStepValueResponse messageId:4 stepValueResponse:<stepValue:<stepValue:"Check Google Maps is opened for directions" parameterizedStepValue:"Check Google Maps is opened for directions" > > 
10-04-2021 23:40:03.716 [Gauge] [INFO] Spec file added / modified: C:\Users\YEK\Desktop\TestAutomationProjects\AkbankMobileTest\specs\example.spec
10-04-2021 23:40:03.726 [Gauge] [INFO] Spec file added / modified: C:\Users\YEK\Desktop\TestAutomationProjects\AkbankMobileTest\specs\example.spec
11-04-2021 00:02:27.207 [Gauge] [DEBUG] Api Request Received: messageType:GetStepValueRequest messageId:4 stepValueRequest:<stepText:"Click on the third ATM optione" > 
11-04-2021 00:02:27.207 [Gauge] [DEBUG] Sending API response: messageType:GetStepValueResponse messageId:4 stepValueResponse:<stepValue:<stepValue:"Click on the third ATM optione" parameterizedStepValue:"Click on the third ATM optione" > > 
11-04-2021 00:02:27.215 [Gauge] [DEBUG] Api Request Received: messageType:GetAllStepsRequest messageId:2 allStepsRequest:<> 
11-04-2021 00:02:27.216 [Gauge] [DEBUG] Sending API response: messageType:GetAllStepResponse messageId:2 allStepsResponse:<allSteps:<stepValue:"Check that {} is seen" parameterizedStepValue:"Check that <\304\260yi> is seen" parameters:"\304\260yi" > allSteps:<stepValue:"Then click EN YAKIN AKBANK" parameterizedStepValue:"Then click EN YAKIN AKBANK" > allSteps:<stepValue:"Click ATM at the bottom of screen" parameterizedStepValue:"Click ATM at the bottom of screen" > allSteps:<stepValue:"Click menu bar on upper right corner" parameterizedStepValue:"Click menu bar on upper right corner" > allSteps:<stepValue:"Click on the third ATM option" parameterizedStepValue:"Click on the third ATM option" > allSteps:<stepValue:"Click YOL TARIFI" parameterizedStepValue:"Click YOL TARIFI" > allSteps:<stepValue:"Check Google Maps is opened for directions" parameterizedStepValue:"Check Google Maps is opened for directions" > > 
11-04-2021 00:02:27.216 [Gauge] [DEBUG] Api Request Received: messageType:GetAllConceptsRequest messageId:6 allConceptsRequest:<> 
11-04-2021 00:02:27.216 [Gauge] [DEBUG] Sending API response: messageType:GetAllConceptsResponse messageId:6 allConceptsResponse:<> 
11-04-2021 00:02:27.218 [Gauge] [DEBUG] Api Request Received: messageType:GetAllStepsRequest messageId:2 allStepsRequest:<> 
11-04-2021 00:02:27.218 [Gauge] [DEBUG] Sending API response: messageType:GetAllStepResponse messageId:2 allStepsResponse:<allSteps:<stepValue:"Click on the third ATM option" parameterizedStepValue:"Click on the third ATM option" > allSteps:<stepValue:"Click YOL TARIFI" parameterizedStepValue:"Click YOL TARIFI" > allSteps:<stepValue:"Check Google Maps is opened for directions" parameterizedStepValue:"Check Google Maps is opened for directions" > allSteps:<stepValue:"Check that {} is seen" parameterizedStepValue:"Check that <\304\260yi> is seen" parameters:"\304\260yi" > allSteps:<stepValue:"Then click EN YAKIN AKBANK" parameterizedStepValue:"Then click EN YAKIN AKBANK" > allSteps:<stepValue:"Click ATM at the bottom of screen" parameterizedStepValue:"Click ATM at the bottom of screen" > allSteps:<stepValue:"Click menu bar on upper right corner" parameterizedStepValue:"Click menu bar on upper right corner" > > 
11-04-2021 00:02:27.218 [Gauge] [DEBUG] Api Request Received: messageType:GetAllConceptsRequest messageId:6 allConceptsRequest:<> 
11-04-2021 00:02:27.218 [Gauge] [DEBUG] Sending API response: messageType:GetAllConceptsResponse messageId:6 allConceptsResponse:<> 
11-04-2021 00:10:56.666 [Gauge] [DEBUG] Api Request Received: messageType:GetStepValueRequest messageId:4 stepValueRequest:<> 
11-04-2021 00:10:56.667 [Gauge] [DEBUG] Sending API response: messageType:GetStepValueResponse messageId:4 stepValueResponse:<stepValue:<> > 
11-04-2021 00:10:56.681 [Gauge] [DEBUG] Api Request Received: messageType:GetStepValueRequest messageId:4 stepValueRequest:<> 
11-04-2021 00:10:56.681 [Gauge] [DEBUG] Sending API response: messageType:GetStepValueResponse messageId:4 stepValueResponse:<stepValue:<> > 
11-04-2021 00:10:56.688 [Gauge] [DEBUG] Api Request Received: messageType:GetStepValueRequest messageId:4 stepValueRequest:<> 
11-04-2021 00:10:56.688 [Gauge] [DEBUG] Sending API response: messageType:GetStepValueResponse messageId:4 stepValueResponse:<stepValue:<> > 
11-04-2021 00:10:57.486 [Gauge] [DEBUG] Api Request Received: messageType:GetStepValueRequest messageId:4 stepValueRequest:<stepText:"Check that your location is shown correctly" > 
11-04-2021 00:10:57.486 [Gauge] [DEBUG] Sending API response: messageType:GetStepValueResponse messageId:4 stepValueResponse:<stepValue:<stepValue:"Check that your location is shown correctly" parameterizedStepValue:"Check that your location is shown correctly" > > 
11-04-2021 00:11:06.006 [Gauge] [INFO] Spec file added / modified: C:\Users\YEK\Desktop\TestAutomationProjects\AkbankMobileTest\specs\example.spec
11-04-2021 00:11:06.020 [Gauge] [INFO] Spec file added / modified: C:\Users\YEK\Desktop\TestAutomationProjects\AkbankMobileTest\specs\example.spec
11-04-2021 00:11:06.213 [Gauge] [DEBUG] Api Request Received: messageType:GetStepValueRequest messageId:4 stepValueRequest:<> 
11-04-2021 00:11:06.213 [Gauge] [DEBUG] Sending API response: messageType:GetStepValueResponse messageId:4 stepValueResponse:<stepValue:<> > 
11-04-2021 00:11:06.215 [Gauge] [DEBUG] Api Request Received: messageType:GetStepValueRequest messageId:4 stepValueRequest:<> 
11-04-2021 00:11:06.215 [Gauge] [DEBUG] Sending API response: messageType:GetStepValueResponse messageId:4 stepValueResponse:<stepValue:<> > 
11-04-2021 00:11:06.267 [Gauge] [DEBUG] Api Request Received: messageType:GetStepValueRequest messageId:4 stepValueRequest:<> 
11-04-2021 00:11:06.267 [Gauge] [DEBUG] Sending API response: messageType:GetStepValueResponse messageId:4 stepValueResponse:<stepValue:<> > 
11-04-2021 00:11:06.268 [Gauge] [DEBUG] Api Request Received: messageType:GetStepValueRequest messageId:4 stepValueRequest:<> 
11-04-2021 00:11:06.268 [Gauge] [DEBUG] Sending API response: messageType:GetStepValueResponse messageId:4 stepValueResponse:<stepValue:<> > 
11-04-2021 00:11:06.304 [Gauge] [DEBUG] Api Request Received: messageType:GetStepValueRequest messageId:4 stepValueRequest:<> 
11-04-2021 00:11:06.304 [Gauge] [DEBUG] Sending API response: messageType:GetStepValueResponse messageId:4 stepValueResponse:<stepValue:<> > 
11-04-2021 00:11:06.305 [Gauge] [DEBUG] Api Request Received: messageType:GetStepValueRequest messageId:4 stepValueRequest:<> 
11-04-2021 00:11:06.305 [Gauge] [DEBUG] Sending API response: messageType:GetStepValueResponse messageId:4 stepValueResponse:<stepValue:<> > 
11-04-2021 00:11:06.305 [Gauge] [DEBUG] Api Request Received: messageType:GetStepValueRequest messageId:4 stepValueRequest:<> 
11-04-2021 00:11:06.305 [Gauge] [DEBUG] Sending API response: messageType:GetStepValueResponse messageId:4 stepValueResponse:<stepValue:<> > 
11-04-2021 00:11:06.305 [Gauge] [DEBUG] Api Request Received: messageType:GetStepValueRequest messageId:4 stepValueRequest:<> 
11-04-2021 00:11:06.306 [Gauge] [DEBUG] Sending API response: messageType:GetStepValueResponse messageId:4 stepValueResponse:<stepValue:<> > 
11-04-2021 00:11:06.517 [Gauge] [DEBUG] Api Request Received: messageType:GetStepValueRequest messageId:4 stepValueRequest:<> 
11-04-2021 00:11:06.517 [Gauge] [DEBUG] Sending API response: messageType:GetStepValueResponse messageId:4 stepValueResponse:<stepValue:<> > 
11-04-2021 00:11:06.520 [Gauge] [DEBUG] Api Request Received: messageType:GetStepValueRequest messageId:4 stepValueRequest:<> 
11-04-2021 00:11:06.520 [Gauge] [DEBUG] Sending API response: messageType:GetStepValueResponse messageId:4 stepValueResponse:<stepValue:<> > 
11-04-2021 00:11:06.521 [Gauge] [DEBUG] Api Request Received: messageType:GetStepValueRequest messageId:4 stepValueRequest:<> 
11-04-2021 00:11:06.521 [Gauge] [DEBUG] Sending API response: messageType:GetStepValueResponse messageId:4 stepValueResponse:<stepValue:<> > 
11-04-2021 00:11:06.576 [Gauge] [DEBUG] Api Request Received: messageType:GetStepValueRequest messageId:4 stepValueRequest:<> 
11-04-2021 00:11:06.577 [Gauge] [DEBUG] Sending API response: messageType:GetStepValueResponse messageId:4 stepValueResponse:<stepValue:<> > 
11-04-2021 00:11:06.577 [Gauge] [DEBUG] Api Request Received: messageType:GetStepValueRequest messageId:4 stepValueRequest:<> 
11-04-2021 00:11:06.577 [Gauge] [DEBUG] Sending API response: messageType:GetStepValueResponse messageId:4 stepValueResponse:<stepValue:<> > 
11-04-2021 00:11:06.624 [Gauge] [DEBUG] Api Request Received: messageType:GetStepValueRequest messageId:4 stepValueRequest:<> 
11-04-2021 00:11:06.624 [Gauge] [DEBUG] Sending API response: messageType:GetStepValueResponse messageId:4 stepValueResponse:<stepValue:<> > 
11-04-2021 00:11:06.624 [Gauge] [DEBUG] Api Request Received: messageType:GetStepValueRequest messageId:4 stepValueRequest:<> 
11-04-2021 00:11:06.625 [Gauge] [DEBUG] Sending API response: messageType:GetStepValueResponse messageId:4 stepValueResponse:<stepValue:<> > 
11-04-2021 00:11:07.181 [Gauge] [DEBUG] Api Request Received: messageType:GetStepValueRequest messageId:4 stepValueRequest:<> 
11-04-2021 00:11:07.181 [Gauge] [DEBUG] Sending API response: messageType:GetStepValueResponse messageId:4 stepValueResponse:<stepValue:<> > 
11-04-2021 00:11:07.183 [Gauge] [DEBUG] Api Request Received: messageType:GetStepValueRequest messageId:4 stepValueRequest:<> 
11-04-2021 00:11:07.183 [Gauge] [DEBUG] Sending API response: messageType:GetStepValueResponse messageId:4 stepValueResponse:<stepValue:<> > 
11-04-2021 00:11:07.241 [Gauge] [DEBUG] Api Request Received: messageType:GetStepValueRequest messageId:4 stepValueRequest:<> 
11-04-2021 00:11:07.241 [Gauge] [DEBUG] Sending API response: messageType:GetStepValueResponse messageId:4 stepValueResponse:<stepValue:<> > 
11-04-2021 00:11:07.242 [Gauge] [DEBUG] Api Request Received: messageType:GetStepValueRequest messageId:4 stepValueRequest:<> 
11-04-2021 00:11:07.242 [Gauge] [DEBUG] Sending API response: messageType:GetStepValueResponse messageId:4 stepValueResponse:<stepValue:<> > 
11-04-2021 00:11:07.290 [Gauge] [DEBUG] Api Request Received: messageType:GetStepValueRequest messageId:4 stepValueRequest:<> 
11-04-2021 00:11:07.290 [Gauge] [DEBUG] Sending API response: messageType:GetStepValueResponse messageId:4 stepValueResponse:<stepValue:<> > 
11-04-2021 00:11:07.291 [Gauge] [DEBUG] Api Request Received: messageType:GetStepValueRequest messageId:4 stepValueRequest:<> 
11-04-2021 00:11:07.292 [Gauge] [DEBUG] Sending API response: messageType:GetStepValueResponse messageId:4 stepValueResponse:<stepValue:<> > 
11-04-2021 00:11:07.335 [Gauge] [DEBUG] Api Request Received: messageType:GetStepValueRequest messageId:4 stepValueRequest:<> 
11-04-2021 00:11:07.335 [Gauge] [DEBUG] Sending API response: messageType:GetStepValueResponse messageId:4 stepValueResponse:<stepValue:<> > 
11-04-2021 00:11:07.336 [Gauge] [DEBUG] Api Request Received: messageType:GetStepValueRequest messageId:4 stepValueRequest:<> 
11-04-2021 00:11:07.336 [Gauge] [DEBUG] Sending API response: messageType:GetStepValueResponse messageId:4 stepValueResponse:<stepValue:<> > 
11-04-2021 00:11:07.466 [Gauge] [DEBUG] Api Request Received: messageType:GetStepValueRequest messageId:4 stepValueRequest:<> 
11-04-2021 00:11:07.466 [Gauge] [DEBUG] Sending API response: messageType:GetStepValueResponse messageId:4 stepValueResponse:<stepValue:<> > 
11-04-2021 00:11:07.467 [Gauge] [DEBUG] Api Request Received: messageType:GetStepValueRequest messageId:4 stepValueRequest:<> 
11-04-2021 00:11:07.467 [Gauge] [DEBUG] Sending API response: messageType:GetStepValueResponse messageId:4 stepValueResponse:<stepValue:<> > 
11-04-2021 00:11:07.515 [Gauge] [DEBUG] Api Request Received: messageType:GetStepValueRequest messageId:4 stepValueRequest:<> 
11-04-2021 00:11:07.515 [Gauge] [DEBUG] Sending API response: messageType:GetStepValueResponse messageId:4 stepValueResponse:<stepValue:<> > 
11-04-2021 00:11:07.516 [Gauge] [DEBUG] Api Request Received: messageType:GetStepValueRequest messageId:4 stepValueRequest:<> 
11-04-2021 00:11:07.516 [Gauge] [DEBUG] Sending API response: messageType:GetStepValueResponse messageId:4 stepValueResponse:<stepValue:<> > 
11-04-2021 00:11:07.561 [Gauge] [DEBUG] Api Request Received: messageType:GetStepValueRequest messageId:4 stepValueRequest:<> 
11-04-2021 00:11:07.561 [Gauge] [DEBUG] Sending API response: messageType:GetStepValueResponse messageId:4 stepValueResponse:<stepValue:<> > 
11-04-2021 00:11:07.561 [Gauge] [DEBUG] Api Request Received: messageType:GetStepValueRequest messageId:4 stepValueRequest:<> 
11-04-2021 00:11:07.562 [Gauge] [DEBUG] Sending API response: messageType:GetStepValueResponse messageId:4 stepValueResponse:<stepValue:<> > 
11-04-2021 00:11:07.562 [Gauge] [DEBUG] Api Request Received: messageType:GetStepValueRequest messageId:4 stepValueRequest:<> 
11-04-2021 00:11:07.562 [Gauge] [DEBUG] Sending API response: messageType:GetStepValueResponse messageId:4 stepValueResponse:<stepValue:<> > 
11-04-2021 00:11:07.562 [Gauge] [DEBUG] Api Request Received: messageType:GetStepValueRequest messageId:4 stepValueRequest:<> 
11-04-2021 00:11:07.562 [Gauge] [DEBUG] Sending API response: messageType:GetStepValueResponse messageId:4 stepValueResponse:<stepValue:<> > 
11-04-2021 00:11:07.563 [Gauge] [DEBUG] Api Request Received: messageType:GetStepValueRequest messageId:4 stepValueRequest:<> 
11-04-2021 00:11:07.563 [Gauge] [DEBUG] Sending API response: messageType:GetStepValueResponse messageId:4 stepValueResponse:<stepValue:<> > 
11-04-2021 00:11:07.563 [Gauge] [DEBUG] Api Request Received: messageType:GetStepValueRequest messageId:4 stepValueRequest:<> 
11-04-2021 00:11:07.564 [Gauge] [DEBUG] Sending API response: messageType:GetStepValueResponse messageId:4 stepValueResponse:<stepValue:<> > 
11-04-2021 00:11:07.601 [Gauge] [DEBUG] Api Request Received: messageType:GetStepValueRequest messageId:4 stepValueRequest:<> 
11-04-2021 00:11:07.601 [Gauge] [DEBUG] Sending API response: messageType:GetStepValueResponse messageId:4 stepValueResponse:<stepValue:<> > 
11-04-2021 00:11:07.602 [Gauge] [DEBUG] Api Request Received: messageType:GetStepValueRequest messageId:4 stepValueRequest:<> 
11-04-2021 00:11:07.602 [Gauge] [DEBUG] Sending API response: messageType:GetStepValueResponse messageId:4 stepValueResponse:<stepValue:<> > 
11-04-2021 00:11:07.637 [Gauge] [DEBUG] Api Request Received: messageType:GetStepValueRequest messageId:4 stepValueRequest:<> 
11-04-2021 00:11:07.638 [Gauge] [DEBUG] Sending API response: messageType:GetStepValueResponse messageId:4 stepValueResponse:<stepValue:<> > 
11-04-2021 00:11:07.638 [Gauge] [DEBUG] Api Request Received: messageType:GetStepValueRequest messageId:4 stepValueRequest:<> 
11-04-2021 00:11:07.638 [Gauge] [DEBUG] Sending API response: messageType:GetStepValueResponse messageId:4 stepValueResponse:<stepValue:<> > 
11-04-2021 00:11:07.638 [Gauge] [DEBUG] Api Request Received: messageType:GetStepValueRequest messageId:4 stepValueRequest:<> 
11-04-2021 00:11:07.638 [Gauge] [DEBUG] Sending API response: messageType:GetStepValueResponse messageId:4 stepValueResponse:<stepValue:<> > 
11-04-2021 00:11:07.639 [Gauge] [DEBUG] Api Request Received: messageType:GetStepValueRequest messageId:4 stepValueRequest:<> 
11-04-2021 00:11:07.639 [Gauge] [DEBUG] Sending API response: messageType:GetStepValueResponse messageId:4 stepValueResponse:<stepValue:<> > 
11-04-2021 00:11:07.771 [Gauge] [DEBUG] Api Request Received: messageType:GetStepValueRequest messageId:4 stepValueRequest:<> 
11-04-2021 00:11:07.771 [Gauge] [DEBUG] Sending API response: messageType:GetStepValueResponse messageId:4 stepValueResponse:<stepValue:<> > 
11-04-2021 00:11:07.775 [Gauge] [DEBUG] Api Request Received: messageType:GetStepValueRequest messageId:4 stepValueRequest:<> 
11-04-2021 00:11:07.776 [Gauge] [DEBUG] Sending API response: messageType:GetStepValueResponse messageId:4 stepValueResponse:<stepValue:<> > 
11-04-2021 00:11:07.776 [Gauge] [DEBUG] Api Request Received: messageType:GetStepValueRequest messageId:4 stepValueRequest:<> 
11-04-2021 00:11:07.776 [Gauge] [DEBUG] Sending API response: messageType:GetStepValueResponse messageId:4 stepValueResponse:<stepValue:<> > 
11-04-2021 00:11:07.842 [Gauge] [DEBUG] Api Request Received: messageType:GetStepValueRequest messageId:4 stepValueRequest:<> 
11-04-2021 00:11:07.842 [Gauge] [DEBUG] Sending API response: messageType:GetStepValueResponse messageId:4 stepValueResponse:<stepValue:<> > 
11-04-2021 00:11:07.842 [Gauge] [DEBUG] Api Request Received: messageType:GetStepValueRequest messageId:4 stepValueRequest:<> 
11-04-2021 00:11:07.842 [Gauge] [DEBUG] Sending API response: messageType:GetStepValueResponse messageId:4 stepValueResponse:<stepValue:<> > 
11-04-2021 00:11:07.899 [Gauge] [DEBUG] Api Request Received: messageType:GetStepValueRequest messageId:4 stepValueRequest:<> 
11-04-2021 00:11:07.899 [Gauge] [DEBUG] Sending API response: messageType:GetStepValueResponse messageId:4 stepValueResponse:<stepValue:<> > 
11-04-2021 00:11:07.900 [Gauge] [DEBUG] Api Request Received: messageType:GetStepValueRequest messageId:4 stepValueRequest:<> 
11-04-2021 00:11:07.900 [Gauge] [DEBUG] Sending API response: messageType:GetStepValueResponse messageId:4 stepValueResponse:<stepValue:<> > 
11-04-2021 00:11:09.152 [Gauge] [DEBUG] Api Request Received: messageType:GetStepValueRequest messageId:4 stepValueRequest:<> 
11-04-2021 00:11:09.152 [Gauge] [DEBUG] Sending API response: messageType:GetStepValueResponse messageId:4 stepValueResponse:<stepValue:<> > 
11-04-2021 00:11:09.152 [Gauge] [DEBUG] Api Request Received: messageType:GetStepValueRequest messageId:4 stepValueRequest:<> 
11-04-2021 00:11:09.153 [Gauge] [DEBUG] Sending API response: messageType:GetStepValueResponse messageId:4 stepValueResponse:<stepValue:<> > 
11-04-2021 00:11:09.195 [Gauge] [DEBUG] Api Request Received: messageType:GetStepValueRequest messageId:4 stepValueRequest:<> 
11-04-2021 00:11:09.196 [Gauge] [DEBUG] Sending API response: messageType:GetStepValueResponse messageId:4 stepValueResponse:<stepValue:<> > 
11-04-2021 00:11:09.196 [Gauge] [DEBUG] Api Request Received: messageType:GetStepValueRequest messageId:4 stepValueRequest:<> 
11-04-2021 00:11:09.196 [Gauge] [DEBUG] Sending API response: messageType:GetStepValueResponse messageId:4 stepValueResponse:<stepValue:<> > 
11-04-2021 00:11:09.236 [Gauge] [DEBUG] Api Request Received: messageType:GetStepValueRequest messageId:4 stepValueRequest:<> 
11-04-2021 00:11:09.236 [Gauge] [DEBUG] Sending API response: messageType:GetStepValueResponse messageId:4 stepValueResponse:<stepValue:<> > 
11-04-2021 00:11:09.237 [Gauge] [DEBUG] Api Request Received: messageType:GetStepValueRequest messageId:4 stepValueRequest:<> 
11-04-2021 00:11:09.237 [Gauge] [DEBUG] Sending API response: messageType:GetStepValueResponse messageId:4 stepValueResponse:<stepValue:<> > 
11-04-2021 00:11:09.237 [Gauge] [DEBUG] Api Request Received: messageType:GetStepValueRequest messageId:4 stepValueRequest:<> 
11-04-2021 00:11:09.237 [Gauge] [DEBUG] Sending API response: messageType:GetStepValueResponse messageId:4 stepValueResponse:<stepValue:<> > 
11-04-2021 00:11:09.237 [Gauge] [DEBUG] Api Request Received: messageType:GetStepValueRequest messageId:4 stepValueRequest:<> 
11-04-2021 00:11:09.237 [Gauge] [DEBUG] Sending API response: messageType:GetStepValueResponse messageId:4 stepValueResponse:<stepValue:<> > 
11-04-2021 00:11:09.454 [Gauge] [DEBUG] Api Request Received: messageType:GetStepValueRequest messageId:4 stepValueRequest:<> 
11-04-2021 00:11:09.454 [Gauge] [DEBUG] Sending API response: messageType:GetStepValueResponse messageId:4 stepValueResponse:<stepValue:<> > 
11-04-2021 00:11:09.455 [Gauge] [DEBUG] Api Request Received: messageType:GetStepValueRequest messageId:4 stepValueRequest:<> 
11-04-2021 00:11:09.456 [Gauge] [DEBUG] Sending API response: messageType:GetStepValueResponse messageId:4 stepValueResponse:<stepValue:<> > 
11-04-2021 00:11:09.513 [Gauge] [DEBUG] Api Request Received: messageType:GetStepValueRequest messageId:4 stepValueRequest:<> 
11-04-2021 00:11:09.513 [Gauge] [DEBUG] Sending API response: messageType:GetStepValueResponse messageId:4 stepValueResponse:<stepValue:<> > 
11-04-2021 00:11:09.514 [Gauge] [DEBUG] Api Request Received: messageType:GetStepValueRequest messageId:4 stepValueRequest:<> 
11-04-2021 00:11:09.514 [Gauge] [DEBUG] Sending API response: messageType:GetStepValueResponse messageId:4 stepValueResponse:<stepValue:<> > 
11-04-2021 00:11:09.552 [Gauge] [DEBUG] Api Request Received: messageType:GetStepValueRequest messageId:4 stepValueRequest:<> 
11-04-2021 00:11:09.552 [Gauge] [DEBUG] Sending API response: messageType:GetStepValueResponse messageId:4 stepValueResponse:<stepValue:<> > 
11-04-2021 00:11:09.553 [Gauge] [DEBUG] Api Request Received: messageType:GetStepValueRequest messageId:4 stepValueRequest:<> 
11-04-2021 00:11:09.553 [Gauge] [DEBUG] Sending API response: messageType:GetStepValueResponse messageId:4 stepValueResponse:<stepValue:<> > 
11-04-2021 00:11:09.947 [Gauge] [DEBUG] Api Request Received: messageType:GetStepValueRequest messageId:4 stepValueRequest:<> 
11-04-2021 00:11:09.947 [Gauge] [DEBUG] Sending API response: messageType:GetStepValueResponse messageId:4 stepValueResponse:<stepValue:<> > 
11-04-2021 00:11:09.947 [Gauge] [DEBUG] Api Request Received: messageType:GetStepValueRequest messageId:4 stepValueRequest:<> 
11-04-2021 00:11:09.948 [Gauge] [DEBUG] Sending API response: messageType:GetStepValueResponse messageId:4 stepValueResponse:<stepValue:<> > 
11-04-2021 00:11:09.984 [Gauge] [DEBUG] Api Request Received: messageType:GetStepValueRequest messageId:4 stepValueRequest:<> 
11-04-2021 00:11:09.984 [Gauge] [DEBUG] Sending API response: messageType:GetStepValueResponse messageId:4 stepValueResponse:<stepValue:<> > 
11-04-2021 00:11:09.984 [Gauge] [DEBUG] Api Request Received: messageType:GetStepValueRequest messageId:4 stepValueRequest:<> 
11-04-2021 00:11:09.984 [Gauge] [DEBUG] Sending API response: messageType:GetStepValueResponse messageId:4 stepValueResponse:<stepValue:<> > 
11-04-2021 00:11:10.027 [Gauge] [DEBUG] Api Request Received: messageType:GetStepValueRequest messageId:4 stepValueRequest:<> 
11-04-2021 00:11:10.027 [Gauge] [DEBUG] Sending API response: messageType:GetStepValueResponse messageId:4 stepValueResponse:<stepValue:<> > 
11-04-2021 00:11:10.027 [Gauge] [DEBUG] Api Request Received: messageType:GetStepValueRequest messageId:4 stepValueRequest:<> 
11-04-2021 00:11:10.028 [Gauge] [DEBUG] Sending API response: messageType:GetStepValueResponse messageId:4 stepValueResponse:<stepValue:<> > 
11-04-2021 00:11:10.028 [Gauge] [DEBUG] Api Request Received: messageType:GetStepValueRequest messageId:4 stepValueRequest:<> 
11-04-2021 00:11:10.028 [Gauge] [DEBUG] Sending API response: messageType:GetStepValueResponse messageId:4 stepValueResponse:<stepValue:<> > 
11-04-2021 00:11:10.028 [Gauge] [DEBUG] Api Request Received: messageType:GetStepValueRequest messageId:4 stepValueRequest:<> 
11-04-2021 00:11:10.028 [Gauge] [DEBUG] Sending API response: messageType:GetStepValueResponse messageId:4 stepValueResponse:<stepValue:<> > 
11-04-2021 00:11:10.248 [Gauge] [DEBUG] Api Request Received: messageType:GetStepValueRequest messageId:4 stepValueRequest:<> 
11-04-2021 00:11:10.248 [Gauge] [DEBUG] Sending API response: messageType:GetStepValueResponse messageId:4 stepValueResponse:<stepValue:<> > 
11-04-2021 00:11:10.249 [Gauge] [DEBUG] Api Request Received: messageType:GetStepValueRequest messageId:4 stepValueRequest:<> 
11-04-2021 00:11:10.249 [Gauge] [DEBUG] Sending API response: messageType:GetStepValueResponse messageId:4 stepValueResponse:<stepValue:<> > 
11-04-2021 00:11:10.287 [Gauge] [DEBUG] Api Request Received: messageType:GetStepValueRequest messageId:4 stepValueRequest:<> 
11-04-2021 00:11:10.287 [Gauge] [DEBUG] Sending API response: messageType:GetStepValueResponse messageId:4 stepValueResponse:<stepValue:<> > 
11-04-2021 00:11:10.287 [Gauge] [DEBUG] Api Request Received: messageType:GetStepValueRequest messageId:4 stepValueRequest:<> 
11-04-2021 00:11:10.287 [Gauge] [DEBUG] Sending API response: messageType:GetStepValueResponse messageId:4 stepValueResponse:<stepValue:<> > 
11-04-2021 00:11:10.336 [Gauge] [DEBUG] Api Request Received: messageType:GetStepValueRequest messageId:4 stepValueRequest:<> 
11-04-2021 00:11:10.336 [Gauge] [DEBUG] Sending API response: messageType:GetStepValueResponse messageId:4 stepValueResponse:<stepValue:<> > 
11-04-2021 00:11:10.338 [Gauge] [DEBUG] Api Request Received: messageType:GetStepValueRequest messageId:4 stepValueRequest:<> 
11-04-2021 00:11:10.338 [Gauge] [DEBUG] Sending API response: messageType:GetStepValueResponse messageId:4 stepValueResponse:<stepValue:<> > 
11-04-2021 00:11:10.383 [Gauge] [DEBUG] Api Request Received: messageType:GetStepValueRequest messageId:4 stepValueRequest:<> 
11-04-2021 00:11:10.383 [Gauge] [DEBUG] Sending API response: messageType:GetStepValueResponse messageId:4 stepValueResponse:<stepValue:<> > 
11-04-2021 00:11:10.384 [Gauge] [DEBUG] Api Request Received: messageType:GetStepValueRequest messageId:4 stepValueRequest:<> 
11-04-2021 00:11:10.384 [Gauge] [DEBUG] Sending API response: messageType:GetStepValueResponse messageId:4 stepValueResponse:<stepValue:<> > 
11-04-2021 00:11:10.428 [Gauge] [DEBUG] Api Request Received: messageType:GetStepValueRequest messageId:4 stepValueRequest:<> 
11-04-2021 00:11:10.428 [Gauge] [DEBUG] Sending API response: messageType:GetStepValueResponse messageId:4 stepValueResponse:<stepValue:<> > 
11-04-2021 00:11:10.429 [Gauge] [DEBUG] Api Request Received: messageType:GetStepValueRequest messageId:4 stepValueRequest:<> 
11-04-2021 00:11:10.429 [Gauge] [DEBUG] Sending API response: messageType:GetStepValueResponse messageId:4 stepValueResponse:<stepValue:<> > 
11-04-2021 00:11:10.472 [Gauge] [DEBUG] Api Request Received: messageType:GetStepValueRequest messageId:4 stepValueRequest:<> 
11-04-2021 00:11:10.472 [Gauge] [DEBUG] Sending API response: messageType:GetStepValueResponse messageId:4 stepValueResponse:<stepValue:<> > 
11-04-2021 00:11:10.472 [Gauge] [DEBUG] Api Request Received: messageType:GetStepValueRequest messageId:4 stepValueRequest:<> 
11-04-2021 00:11:10.473 [Gauge] [DEBUG] Sending API response: messageType:GetStepValueResponse messageId:4 stepValueResponse:<stepValue:<> > 
11-04-2021 00:11:10.640 [Gauge] [DEBUG] Api Request Received: messageType:GetStepValueRequest messageId:4 stepValueRequest:<> 
11-04-2021 00:11:10.640 [Gauge] [DEBUG] Sending API response: messageType:GetStepValueResponse messageId:4 stepValueResponse:<stepValue:<> > 
11-04-2021 00:11:10.644 [Gauge] [DEBUG] Api Request Received: messageType:GetStepValueRequest messageId:4 stepValueRequest:<> 
11-04-2021 00:11:10.644 [Gauge] [DEBUG] Sending API response: messageType:GetStepValueResponse messageId:4 stepValueResponse:<stepValue:<> > 
11-04-2021 00:11:10.644 [Gauge] [DEBUG] Api Request Received: messageType:GetStepValueRequest messageId:4 stepValueRequest:<> 
11-04-2021 00:11:10.644 [Gauge] [DEBUG] Sending API response: messageType:GetStepValueResponse messageId:4 stepValueResponse:<stepValue:<> > 
11-04-2021 00:11:10.710 [Gauge] [DEBUG] Api Request Received: messageType:GetStepValueRequest messageId:4 stepValueRequest:<> 
11-04-2021 00:11:10.711 [Gauge] [DEBUG] Sending API response: messageType:GetStepValueResponse messageId:4 stepValueResponse:<stepValue:<> > 
11-04-2021 00:11:10.711 [Gauge] [DEBUG] Api Request Received: messageType:GetStepValueRequest messageId:4 stepValueRequest:<> 
11-04-2021 00:11:10.711 [Gauge] [DEBUG] Sending API response: messageType:GetStepValueResponse messageId:4 stepValueResponse:<stepValue:<> > 
11-04-2021 00:11:10.760 [Gauge] [DEBUG] Api Request Received: messageType:GetStepValueRequest messageId:4 stepValueRequest:<> 
11-04-2021 00:11:10.760 [Gauge] [DEBUG] Sending API response: messageType:GetStepValueResponse messageId:4 stepValueResponse:<stepValue:<> > 
11-04-2021 00:11:10.761 [Gauge] [DEBUG] Api Request Received: messageType:GetStepValueRequest messageId:4 stepValueRequest:<> 
11-04-2021 00:11:10.761 [Gauge] [DEBUG] Sending API response: messageType:GetStepValueResponse messageId:4 stepValueResponse:<stepValue:<> > 
11-04-2021 00:11:10.885 [Gauge] [DEBUG] Api Request Received: messageType:GetStepValueRequest messageId:4 stepValueRequest:<stepText:"*" > 
11-04-2021 00:11:10.885 [Gauge] [DEBUG] Sending API response: messageType:GetStepValueResponse messageId:4 stepValueResponse:<stepValue:<stepValue:"*" parameterizedStepValue:"*" > > 
11-04-2021 00:11:11.543 [Gauge] [DEBUG] Api Request Received: messageType:GetStepValueRequest messageId:4 stepValueRequest:<> 
11-04-2021 00:11:11.544 [Gauge] [DEBUG] Sending API response: messageType:GetStepValueResponse messageId:4 stepValueResponse:<stepValue:<> > 
11-04-2021 00:11:11.546 [Gauge] [DEBUG] Api Request Received: messageType:GetStepValueRequest messageId:4 stepValueRequest:<> 
11-04-2021 00:11:11.546 [Gauge] [DEBUG] Sending API response: messageType:GetStepValueResponse messageId:4 stepValueResponse:<stepValue:<> > 
11-04-2021 00:11:11.589 [Gauge] [DEBUG] Api Request Received: messageType:GetStepValueRequest messageId:4 stepValueRequest:<> 
11-04-2021 00:11:11.589 [Gauge] [DEBUG] Sending API response: messageType:GetStepValueResponse messageId:4 stepValueResponse:<stepValue:<> > 
11-04-2021 00:11:11.589 [Gauge] [DEBUG] Api Request Received: messageType:GetStepValueRequest messageId:4 stepValueRequest:<> 
11-04-2021 00:11:11.589 [Gauge] [DEBUG] Sending API response: messageType:GetStepValueResponse messageId:4 stepValueResponse:<stepValue:<> > 
11-04-2021 00:11:11.629 [Gauge] [DEBUG] Api Request Received: messageType:GetStepValueRequest messageId:4 stepValueRequest:<> 
11-04-2021 00:11:11.629 [Gauge] [DEBUG] Sending API response: messageType:GetStepValueResponse messageId:4 stepValueResponse:<stepValue:<> > 
11-04-2021 00:11:11.629 [Gauge] [DEBUG] Api Request Received: messageType:GetStepValueRequest messageId:4 stepValueRequest:<> 
11-04-2021 00:11:11.630 [Gauge] [DEBUG] Sending API response: messageType:GetStepValueResponse messageId:4 stepValueResponse:<stepValue:<> > 
11-04-2021 00:11:11.687 [Gauge] [DEBUG] Api Request Received: messageType:GetStepValueRequest messageId:4 stepValueRequest:<> 
11-04-2021 00:11:11.687 [Gauge] [DEBUG] Sending API response: messageType:GetStepValueResponse messageId:4 stepValueResponse:<stepValue:<> > 
11-04-2021 00:11:11.687 [Gauge] [DEBUG] Api Request Received: messageType:GetStepValueRequest messageId:4 stepValueRequest:<> 
11-04-2021 00:11:11.687 [Gauge] [DEBUG] Sending API response: messageType:GetStepValueResponse messageId:4 stepValueResponse:<stepValue:<> > 
11-04-2021 00:11:11.847 [Gauge] [DEBUG] Api Request Received: messageType:GetStepValueRequest messageId:4 stepValueRequest:<> 
11-04-2021 00:11:11.847 [Gauge] [DEBUG] Sending API response: messageType:GetStepValueResponse messageId:4 stepValueResponse:<stepValue:<> > 
11-04-2021 00:11:11.852 [Gauge] [DEBUG] Api Request Received: messageType:GetStepValueRequest messageId:4 stepValueRequest:<> 
11-04-2021 00:11:11.852 [Gauge] [DEBUG] Sending API response: messageType:GetStepValueResponse messageId:4 stepValueResponse:<stepValue:<> > 
11-04-2021 00:11:11.852 [Gauge] [DEBUG] Api Request Received: messageType:GetStepValueRequest messageId:4 stepValueRequest:<> 
11-04-2021 00:11:11.852 [Gauge] [DEBUG] Sending API response: messageType:GetStepValueResponse messageId:4 stepValueResponse:<stepValue:<> > 
11-04-2021 00:11:11.904 [Gauge] [DEBUG] Api Request Received: messageType:GetStepValueRequest messageId:4 stepValueRequest:<> 
11-04-2021 00:11:11.905 [Gauge] [DEBUG] Sending API response: messageType:GetStepValueResponse messageId:4 stepValueResponse:<stepValue:<> > 
11-04-2021 00:11:11.906 [Gauge] [DEBUG] Api Request Received: messageType:GetStepValueRequest messageId:4 stepValueRequest:<> 
11-04-2021 00:11:11.906 [Gauge] [DEBUG] Sending API response: messageType:GetStepValueResponse messageId:4 stepValueResponse:<stepValue:<> > 
11-04-2021 00:11:11.955 [Gauge] [DEBUG] Api Request Received: messageType:GetStepValueRequest messageId:4 stepValueRequest:<> 
11-04-2021 00:11:11.955 [Gauge] [DEBUG] Sending API response: messageType:GetStepValueResponse messageId:4 stepValueResponse:<stepValue:<> > 
11-04-2021 00:11:11.957 [Gauge] [DEBUG] Api Request Received: messageType:GetStepValueRequest messageId:4 stepValueRequest:<> 
11-04-2021 00:11:11.957 [Gauge] [DEBUG] Sending API response: messageType:GetStepValueResponse messageId:4 stepValueResponse:<stepValue:<> > 
11-04-2021 00:11:11.995 [Gauge] [DEBUG] Api Request Received: messageType:GetStepValueRequest messageId:4 stepValueRequest:<> 
11-04-2021 00:11:11.995 [Gauge] [DEBUG] Sending API response: messageType:GetStepValueResponse messageId:4 stepValueResponse:<stepValue:<> > 
11-04-2021 00:11:11.996 [Gauge] [DEBUG] Api Request Received: messageType:GetStepValueRequest messageId:4 stepValueRequest:<> 
11-04-2021 00:11:11.996 [Gauge] [DEBUG] Sending API response: messageType:GetStepValueResponse messageId:4 stepValueResponse:<stepValue:<> > 
11-04-2021 00:11:11.996 [Gauge] [DEBUG] Api Request Received: messageType:GetStepValueRequest messageId:4 stepValueRequest:<> 
11-04-2021 00:11:11.996 [Gauge] [DEBUG] Sending API response: messageType:GetStepValueResponse messageId:4 stepValueResponse:<stepValue:<> > 
11-04-2021 00:11:11.996 [Gauge] [DEBUG] Api Request Received: messageType:GetStepValueRequest messageId:4 stepValueRequest:<> 
11-04-2021 00:11:11.996 [Gauge] [DEBUG] Sending API response: messageType:GetStepValueResponse messageId:4 stepValueResponse:<stepValue:<> > 
11-04-2021 00:11:12.206 [Gauge] [DEBUG] Api Request Received: messageType:GetStepValueRequest messageId:4 stepValueRequest:<> 
11-04-2021 00:11:12.206 [Gauge] [DEBUG] Sending API response: messageType:GetStepValueResponse messageId:4 stepValueResponse:<stepValue:<> > 
11-04-2021 00:11:12.210 [Gauge] [DEBUG] Api Request Received: messageType:GetStepValueRequest messageId:4 stepValueRequest:<> 
11-04-2021 00:11:12.210 [Gauge] [DEBUG] Sending API response: messageType:GetStepValueResponse messageId:4 stepValueResponse:<stepValue:<> > 
11-04-2021 00:11:12.210 [Gauge] [DEBUG] Api Request Received: messageType:GetStepValueRequest messageId:4 stepValueRequest:<> 
11-04-2021 00:11:12.210 [Gauge] [DEBUG] Sending API response: messageType:GetStepValueResponse messageId:4 stepValueResponse:<stepValue:<> > 
11-04-2021 00:11:12.262 [Gauge] [DEBUG] Api Request Received: messageType:GetStepValueRequest messageId:4 stepValueRequest:<> 
11-04-2021 00:11:12.262 [Gauge] [DEBUG] Sending API response: messageType:GetStepValueResponse messageId:4 stepValueResponse:<stepValue:<> > 
11-04-2021 00:11:12.263 [Gauge] [DEBUG] Api Request Received: messageType:GetStepValueRequest messageId:4 stepValueRequest:<> 
11-04-2021 00:11:12.263 [Gauge] [DEBUG] Sending API response: messageType:GetStepValueResponse messageId:4 stepValueResponse:<stepValue:<> > 
11-04-2021 00:11:12.304 [Gauge] [DEBUG] Api Request Received: messageType:GetStepValueRequest messageId:4 stepValueRequest:<> 
11-04-2021 00:11:12.304 [Gauge] [DEBUG] Sending API response: messageType:GetStepValueResponse messageId:4 stepValueResponse:<stepValue:<> > 
11-04-2021 00:11:12.305 [Gauge] [DEBUG] Api Request Received: messageType:GetStepValueRequest messageId:4 stepValueRequest:<> 
11-04-2021 00:11:12.305 [Gauge] [DEBUG] Sending API response: messageType:GetStepValueResponse messageId:4 stepValueResponse:<stepValue:<> > 
11-04-2021 00:11:13.178 [Gauge] [DEBUG] Api Request Received: messageType:GetStepValueRequest messageId:4 stepValueRequest:<> 
11-04-2021 00:11:13.178 [Gauge] [DEBUG] Sending API response: messageType:GetStepValueResponse messageId:4 stepValueResponse:<stepValue:<> > 
11-04-2021 00:11:13.179 [Gauge] [DEBUG] Api Request Received: messageType:GetStepValueRequest messageId:4 stepValueRequest:<> 
11-04-2021 00:11:13.179 [Gauge] [DEBUG] Sending API response: messageType:GetStepValueResponse messageId:4 stepValueResponse:<stepValue:<> > 
11-04-2021 00:11:13.222 [Gauge] [DEBUG] Api Request Received: messageType:GetStepValueRequest messageId:4 stepValueRequest:<> 
11-04-2021 00:11:13.223 [Gauge] [DEBUG] Sending API response: messageType:GetStepValueResponse messageId:4 stepValueResponse:<stepValue:<> > 
11-04-2021 00:11:13.223 [Gauge] [DEBUG] Api Request Received: messageType:GetStepValueRequest messageId:4 stepValueRequest:<> 
11-04-2021 00:11:13.223 [Gauge] [DEBUG] Sending API response: messageType:GetStepValueResponse messageId:4 stepValueResponse:<stepValue:<> > 
11-04-2021 00:11:13.268 [Gauge] [DEBUG] Api Request Received: messageType:GetStepValueRequest messageId:4 stepValueRequest:<> 
11-04-2021 00:11:13.268 [Gauge] [DEBUG] Sending API response: messageType:GetStepValueResponse messageId:4 stepValueResponse:<stepValue:<> > 
11-04-2021 00:11:13.268 [Gauge] [DEBUG] Api Request Received: messageType:GetStepValueRequest messageId:4 stepValueRequest:<> 
11-04-2021 00:11:13.268 [Gauge] [DEBUG] Sending API response: messageType:GetStepValueResponse messageId:4 stepValueResponse:<stepValue:<> > 
11-04-2021 00:11:13.314 [Gauge] [DEBUG] Api Request Received: messageType:GetStepValueRequest messageId:4 stepValueRequest:<> 
11-04-2021 00:11:13.314 [Gauge] [DEBUG] Sending API response: messageType:GetStepValueResponse messageId:4 stepValueResponse:<stepValue:<> > 
11-04-2021 00:11:13.316 [Gauge] [DEBUG] Api Request Received: messageType:GetStepValueRequest messageId:4 stepValueRequest:<> 
11-04-2021 00:11:13.316 [Gauge] [DEBUG] Sending API response: messageType:GetStepValueResponse messageId:4 stepValueResponse:<stepValue:<> > 
11-04-2021 00:11:13.480 [Gauge] [DEBUG] Api Request Received: messageType:GetStepValueRequest messageId:4 stepValueRequest:<> 
11-04-2021 00:11:13.480 [Gauge] [DEBUG] Sending API response: messageType:GetStepValueResponse messageId:4 stepValueResponse:<stepValue:<> > 
11-04-2021 00:11:13.480 [Gauge] [DEBUG] Api Request Received: messageType:GetStepValueRequest messageId:4 stepValueRequest:<> 
11-04-2021 00:11:13.480 [Gauge] [DEBUG] Sending API response: messageType:GetStepValueResponse messageId:4 stepValueResponse:<stepValue:<> > 
11-04-2021 00:11:13.526 [Gauge] [DEBUG] Api Request Received: messageType:GetStepValueRequest messageId:4 stepValueRequest:<> 
11-04-2021 00:11:13.527 [Gauge] [DEBUG] Sending API response: messageType:GetStepValueResponse messageId:4 stepValueResponse:<stepValue:<> > 
11-04-2021 00:11:13.527 [Gauge] [DEBUG] Api Request Received: messageType:GetStepValueRequest messageId:4 stepValueRequest:<> 
11-04-2021 00:11:13.527 [Gauge] [DEBUG] Sending API response: messageType:GetStepValueResponse messageId:4 stepValueResponse:<stepValue:<> > 
11-04-2021 00:11:13.566 [Gauge] [DEBUG] Api Request Received: messageType:GetStepValueRequest messageId:4 stepValueRequest:<> 
11-04-2021 00:11:13.566 [Gauge] [DEBUG] Sending API response: messageType:GetStepValueResponse messageId:4 stepValueResponse:<stepValue:<> > 
11-04-2021 00:11:13.567 [Gauge] [DEBUG] Api Request Received: messageType:GetStepValueRequest messageId:4 stepValueRequest:<> 
11-04-2021 00:11:13.567 [Gauge] [DEBUG] Sending API response: messageType:GetStepValueResponse messageId:4 stepValueResponse:<stepValue:<> > 
11-04-2021 00:11:13.622 [Gauge] [DEBUG] Api Request Received: messageType:GetAllStepsRequest messageId:2 allStepsRequest:<> 
11-04-2021 00:11:13.622 [Gauge] [DEBUG] Sending API response: messageType:GetAllStepResponse messageId:2 allStepsResponse:<allSteps:<stepValue:"Then click EN YAKIN AKBANK" parameterizedStepValue:"Then click EN YAKIN AKBANK" > allSteps:<stepValue:"Click ATM at the bottom of screen" parameterizedStepValue:"Click ATM at the bottom of screen" > allSteps:<stepValue:"Click menu bar on upper right corner" parameterizedStepValue:"Click menu bar on upper right corner" > allSteps:<stepValue:"Click on the third ATM option" parameterizedStepValue:"Click on the third ATM option" > allSteps:<stepValue:"Click YOL TARIFI" parameterizedStepValue:"Click YOL TARIFI" > allSteps:<stepValue:"Check Google Maps is opened for directions" parameterizedStepValue:"Check Google Maps is opened for directions" > allSteps:<stepValue:"Check that {} is seen" parameterizedStepValue:"Check that <\304\260yi> is seen" parameters:"\304\260yi" > > 
11-04-2021 00:11:13.622 [Gauge] [DEBUG] Api Request Received: messageType:GetAllConceptsRequest messageId:6 allConceptsRequest:<> 
11-04-2021 00:11:13.622 [Gauge] [DEBUG] Sending API response: messageType:GetAllConceptsResponse messageId:6 allConceptsResponse:<> 
11-04-2021 00:11:20.504 [Gauge] [DEBUG] Api Request Received: messageType:GetStepValueRequest messageId:4 stepValueRequest:<> 
11-04-2021 00:11:20.504 [Gauge] [DEBUG] Sending API response: messageType:GetStepValueResponse messageId:4 stepValueResponse:<stepValue:<> > 
11-04-2021 00:11:20.507 [Gauge] [DEBUG] Api Request Received: messageType:GetStepValueRequest messageId:4 stepValueRequest:<> 
11-04-2021 00:11:20.507 [Gauge] [DEBUG] Sending API response: messageType:GetStepValueResponse messageId:4 stepValueResponse:<stepValue:<> > 
11-04-2021 00:11:20.558 [Gauge] [DEBUG] Api Request Received: messageType:GetStepValueRequest messageId:4 stepValueRequest:<> 
11-04-2021 00:11:20.558 [Gauge] [DEBUG] Sending API response: messageType:GetStepValueResponse messageId:4 stepValueResponse:<stepValue:<> > 
11-04-2021 00:11:20.558 [Gauge] [DEBUG] Api Request Received: messageType:GetStepValueRequest messageId:4 stepValueRequest:<> 
11-04-2021 00:11:20.558 [Gauge] [DEBUG] Sending API response: messageType:GetStepValueResponse messageId:4 stepValueResponse:<stepValue:<> > 
11-04-2021 00:11:20.598 [Gauge] [DEBUG] Api Request Received: messageType:GetStepValueRequest messageId:4 stepValueRequest:<> 
11-04-2021 00:11:20.598 [Gauge] [DEBUG] Sending API response: messageType:GetStepValueResponse messageId:4 stepValueResponse:<stepValue:<> > 
11-04-2021 00:11:20.598 [Gauge] [DEBUG] Api Request Received: messageType:GetStepValueRequest messageId:4 stepValueRequest:<> 
11-04-2021 00:11:20.598 [Gauge] [DEBUG] Sending API response: messageType:GetStepValueResponse messageId:4 stepValueResponse:<stepValue:<> > 
11-04-2021 00:11:20.647 [Gauge] [DEBUG] Api Request Received: messageType:GetStepValueRequest messageId:4 stepValueRequest:<> 
11-04-2021 00:11:20.647 [Gauge] [DEBUG] Sending API response: messageType:GetStepValueResponse messageId:4 stepValueResponse:<stepValue:<> > 
11-04-2021 00:11:20.648 [Gauge] [DEBUG] Api Request Received: messageType:GetStepValueRequest messageId:4 stepValueRequest:<> 
11-04-2021 00:11:20.648 [Gauge] [DEBUG] Sending API response: messageType:GetStepValueResponse messageId:4 stepValueResponse:<stepValue:<> > 
11-04-2021 00:11:20.807 [Gauge] [DEBUG] Api Request Received: messageType:GetStepValueRequest messageId:4 stepValueRequest:<> 
11-04-2021 00:11:20.808 [Gauge] [DEBUG] Sending API response: messageType:GetStepValueResponse messageId:4 stepValueResponse:<stepValue:<> > 
11-04-2021 00:11:20.811 [Gauge] [DEBUG] Api Request Received: messageType:GetStepValueRequest messageId:4 stepValueRequest:<> 
11-04-2021 00:11:20.811 [Gauge] [DEBUG] Sending API response: messageType:GetStepValueResponse messageId:4 stepValueResponse:<stepValue:<> > 
11-04-2021 00:11:20.812 [Gauge] [DEBUG] Api Request Received: messageType:GetStepValueRequest messageId:4 stepValueRequest:<> 
11-04-2021 00:11:20.812 [Gauge] [DEBUG] Sending API response: messageType:GetStepValueResponse messageId:4 stepValueResponse:<stepValue:<> > 
11-04-2021 00:11:20.868 [Gauge] [DEBUG] Api Request Received: messageType:GetStepValueRequest messageId:4 stepValueRequest:<> 
11-04-2021 00:11:20.868 [Gauge] [DEBUG] Sending API response: messageType:GetStepValueResponse messageId:4 stepValueResponse:<stepValue:<> > 
11-04-2021 00:11:20.869 [Gauge] [DEBUG] Api Request Received: messageType:GetStepValueRequest messageId:4 stepValueRequest:<> 
11-04-2021 00:11:20.869 [Gauge] [DEBUG] Sending API response: messageType:GetStepValueResponse messageId:4 stepValueResponse:<stepValue:<> > 
11-04-2021 00:11:20.915 [Gauge] [DEBUG] Api Request Received: messageType:GetStepValueRequest messageId:4 stepValueRequest:<> 
11-04-2021 00:11:20.915 [Gauge] [DEBUG] Sending API response: messageType:GetStepValueResponse messageId:4 stepValueResponse:<stepValue:<> > 
11-04-2021 00:11:20.915 [Gauge] [DEBUG] Api Request Received: messageType:GetStepValueRequest messageId:4 stepValueRequest:<> 
11-04-2021 00:11:20.915 [Gauge] [DEBUG] Sending API response: messageType:GetStepValueResponse messageId:4 stepValueResponse:<stepValue:<> > 
11-04-2021 00:11:22.307 [Gauge] [DEBUG] Api Request Received: messageType:GetStepValueRequest messageId:4 stepValueRequest:<> 
11-04-2021 00:11:22.307 [Gauge] [DEBUG] Sending API response: messageType:GetStepValueResponse messageId:4 stepValueResponse:<stepValue:<> > 
11-04-2021 00:11:22.308 [Gauge] [DEBUG] Api Request Received: messageType:GetStepValueRequest messageId:4 stepValueRequest:<> 
11-04-2021 00:11:22.308 [Gauge] [DEBUG] Sending API response: messageType:GetStepValueResponse messageId:4 stepValueResponse:<stepValue:<> > 
11-04-2021 00:11:22.354 [Gauge] [DEBUG] Api Request Received: messageType:GetStepValueRequest messageId:4 stepValueRequest:<> 
11-04-2021 00:11:22.354 [Gauge] [DEBUG] Sending API response: messageType:GetStepValueResponse messageId:4 stepValueResponse:<stepValue:<> > 
11-04-2021 00:11:22.355 [Gauge] [DEBUG] Api Request Received: messageType:GetStepValueRequest messageId:4 stepValueRequest:<> 
11-04-2021 00:11:22.355 [Gauge] [DEBUG] Sending API response: messageType:GetStepValueResponse messageId:4 stepValueResponse:<stepValue:<> > 
11-04-2021 00:11:22.413 [Gauge] [DEBUG] Api Request Received: messageType:GetStepValueRequest messageId:4 stepValueRequest:<> 
11-04-2021 00:11:22.413 [Gauge] [DEBUG] Sending API response: messageType:GetStepValueResponse messageId:4 stepValueResponse:<stepValue:<> > 
11-04-2021 00:11:22.414 [Gauge] [DEBUG] Api Request Received: messageType:GetStepValueRequest messageId:4 stepValueRequest:<> 
11-04-2021 00:11:22.414 [Gauge] [DEBUG] Sending API response: messageType:GetStepValueResponse messageId:4 stepValueResponse:<stepValue:<> > 
11-04-2021 00:11:22.458 [Gauge] [DEBUG] Api Request Received: messageType:GetStepValueRequest messageId:4 stepValueRequest:<> 
11-04-2021 00:11:22.458 [Gauge] [DEBUG] Sending API response: messageType:GetStepValueResponse messageId:4 stepValueResponse:<stepValue:<> > 
11-04-2021 00:11:22.459 [Gauge] [DEBUG] Api Request Received: messageType:GetStepValueRequest messageId:4 stepValueRequest:<> 
11-04-2021 00:11:22.459 [Gauge] [DEBUG] Sending API response: messageType:GetStepValueResponse messageId:4 stepValueResponse:<stepValue:<> > 
11-04-2021 00:11:34.018 [Gauge] [INFO] Spec file added / modified: C:\Users\YEK\Desktop\TestAutomationProjects\AkbankMobileTest\specs\example.spec
11-04-2021 00:11:34.021 [Gauge] [INFO] Spec file added / modified: C:\Users\YEK\Desktop\TestAutomationProjects\AkbankMobileTest\specs\example.spec
11-04-2021 00:13:14.014 [Gauge] [INFO] Spec file added / modified: C:\Users\YEK\Desktop\TestAutomationProjects\AkbankMobileTest\specs\example.spec
11-04-2021 00:13:14.023 [Gauge] [INFO] Spec file added / modified: C:\Users\YEK\Desktop\TestAutomationProjects\AkbankMobileTest\specs\example.spec
11-04-2021 13:22:00.720 [Gauge] [INFO] Watching directory: C:\Users\YEK\Desktop\TestAutomationProjects\AkbankMobileTest\specs
11-04-2021 13:22:00.721 [Gauge] [DEBUG] Found 1 files
11-04-2021 13:22:00.725 [Gauge] [INFO] Initializing concepts cache with 0 concepts
11-04-2021 13:22:00.733 [Gauge] [INFO] Initializing specs cache with 1 specs
11-04-2021 13:22:00.733 [Gauge] [DEBUG] Adding specs from C:\Users\YEK\Desktop\TestAutomationProjects\AkbankMobileTest\specs\example.spec
11-04-2021 13:22:00.733 [Gauge] [INFO] Initializing steps cache with 1 steps
11-04-2021 13:22:00.733 [Gauge] [INFO] Gauge daemon initialized and listening on port: 49790
11-04-2021 13:22:01.606 [Gauge] [DEBUG] Api Request Received: messageType:GetStepValueRequest messageId:4 stepValueRequest:<stepText:"Check that \"\304\260yi\" is seen" > 
11-04-2021 13:22:01.606 [Gauge] [DEBUG] Sending API response: messageType:GetStepValueResponse messageId:4 stepValueResponse:<stepValue:<stepValue:"Check that {} is seen" parameterizedStepValue:"Check that <\304\260yi> is seen" parameters:"\304\260yi" > > 
11-04-2021 13:22:01.814 [Gauge] [DEBUG] Api Request Received: messageType:GetStepValueRequest messageId:4 stepValueRequest:<stepText:"Check that <key> is seen" > 
11-04-2021 13:22:01.814 [Gauge] [DEBUG] Sending API response: messageType:GetStepValueResponse messageId:4 stepValueResponse:<stepValue:<stepValue:"Check that {} is seen" parameterizedStepValue:"Check that <key> is seen" parameters:"key" > > 
11-04-2021 13:22:01.816 [Gauge] [DEBUG] Api Request Received: messageType:GetStepValueRequest messageId:4 stepValueRequest:<stepText:"Then click EN YAKIN AKBANK" > 
11-04-2021 13:22:01.816 [Gauge] [DEBUG] Sending API response: messageType:GetStepValueResponse messageId:4 stepValueResponse:<stepValue:<stepValue:"Then click EN YAKIN AKBANK" parameterizedStepValue:"Then click EN YAKIN AKBANK" > > 
11-04-2021 13:22:01.819 [Gauge] [DEBUG] Api Request Received: messageType:GetStepValueRequest messageId:4 stepValueRequest:<stepText:"Check that your location is shown correctly" > 
11-04-2021 13:22:01.819 [Gauge] [DEBUG] Sending API response: messageType:GetStepValueResponse messageId:4 stepValueResponse:<stepValue:<stepValue:"Check that your location is shown correctly" parameterizedStepValue:"Check that your location is shown correctly" > > 
11-04-2021 13:22:01.820 [Gauge] [DEBUG] Api Request Received: messageType:GetStepValueRequest messageId:4 stepValueRequest:<stepText:"Click menu bar on upper right corner" > 
11-04-2021 13:22:01.820 [Gauge] [DEBUG] Sending API response: messageType:GetStepValueResponse messageId:4 stepValueResponse:<stepValue:<stepValue:"Click menu bar on upper right corner" parameterizedStepValue:"Click menu bar on upper right corner" > > 
11-04-2021 13:22:01.821 [Gauge] [DEBUG] Api Request Received: messageType:GetStepValueRequest messageId:4 stepValueRequest:<stepText:"Click on the third ATM option" > 
11-04-2021 13:22:01.821 [Gauge] [DEBUG] Sending API response: messageType:GetStepValueResponse messageId:4 stepValueResponse:<stepValue:<stepValue:"Click on the third ATM option" parameterizedStepValue:"Click on the third ATM option" > > 
11-04-2021 13:22:01.821 [Gauge] [DEBUG] Api Request Received: messageType:GetStepValueRequest messageId:4 stepValueRequest:<stepText:"Click YOL TARIFI" > 
11-04-2021 13:22:01.821 [Gauge] [DEBUG] Sending API response: messageType:GetStepValueResponse messageId:4 stepValueResponse:<stepValue:<stepValue:"Click YOL TARIFI" parameterizedStepValue:"Click YOL TARIFI" > > 
11-04-2021 13:22:01.821 [Gauge] [DEBUG] Api Request Received: messageType:GetStepValueRequest messageId:4 stepValueRequest:<stepText:"Click ATM at the bottom of screen" > 
11-04-2021 13:22:01.822 [Gauge] [DEBUG] Sending API response: messageType:GetStepValueResponse messageId:4 stepValueResponse:<stepValue:<stepValue:"Click ATM at the bottom of screen" parameterizedStepValue:"Click ATM at the bottom of screen" > > 
11-04-2021 13:22:01.822 [Gauge] [DEBUG] Api Request Received: messageType:GetStepValueRequest messageId:4 stepValueRequest:<stepText:"Check Google Maps is opened for directions" > 
11-04-2021 13:22:01.822 [Gauge] [DEBUG] Sending API response: messageType:GetStepValueResponse messageId:4 stepValueResponse:<stepValue:<stepValue:"Check Google Maps is opened for directions" parameterizedStepValue:"Check Google Maps is opened for directions" > > 
11-04-2021 13:28:43.253 [Gauge] [INFO] Initializing concepts cache with 0 concepts
11-04-2021 13:28:43.255 [Gauge] [INFO] Initializing specs cache with 1 specs
11-04-2021 13:28:43.255 [Gauge] [DEBUG] Adding specs from C:\Users\YEK\Desktop\TestAutomationProjects\AkbankMobileTest\specs\example.spec
11-04-2021 13:28:43.255 [Gauge] [INFO] Initializing steps cache with 1 steps
11-04-2021 13:28:43.255 [Gauge] [INFO] Gauge daemon initialized and listening on port: 50122
11-04-2021 13:28:43.266 [Gauge] [INFO] Watching directory: C:\Users\YEK\Desktop\TestAutomationProjects\AkbankMobileTest\specs
11-04-2021 13:28:43.266 [Gauge] [DEBUG] Found 1 files
11-04-2021 13:28:46.355 [Gauge] [INFO] Spec file added / modified: C:\Users\YEK\Desktop\TestAutomationProjects\AkbankMobileTest\specs\example.spec
11-04-2021 13:28:46.357 [Gauge] [INFO] Spec file added / modified: C:\Users\YEK\Desktop\TestAutomationProjects\AkbankMobileTest\specs\example.spec
11-04-2021 13:28:50.750 [Gauge] [DEBUG] Api Request Received: messageType:GetStepValueRequest messageId:4 stepValueRequest:<stepText:"Check that \"\304\260yi G\303\274nler\" is seen" > 
11-04-2021 13:28:50.750 [Gauge] [DEBUG] Sending API response: messageType:GetStepValueResponse messageId:4 stepValueResponse:<stepValue:<stepValue:"Check that {} is seen" parameterizedStepValue:"Check that <\304\260yi G\303\274nler> is seen" parameters:"\304\260yi G\303\274nler" > > 
11-04-2021 13:28:50.803 [Gauge] [DEBUG] Api Request Received: messageType:GetStepValueRequest messageId:4 stepValueRequest:<stepText:"Check that <key> is seen" > 
11-04-2021 13:28:50.803 [Gauge] [DEBUG] Sending API response: messageType:GetStepValueResponse messageId:4 stepValueResponse:<stepValue:<stepValue:"Check that {} is seen" parameterizedStepValue:"Check that <key> is seen" parameters:"key" > > 
11-04-2021 13:28:50.812 [Gauge] [DEBUG] Api Request Received: messageType:GetStepValueRequest messageId:4 stepValueRequest:<stepText:"Then click EN YAKIN AKBANK" > 
11-04-2021 13:28:50.812 [Gauge] [DEBUG] Sending API response: messageType:GetStepValueResponse messageId:4 stepValueResponse:<stepValue:<stepValue:"Then click EN YAKIN AKBANK" parameterizedStepValue:"Then click EN YAKIN AKBANK" > > 
11-04-2021 13:28:50.814 [Gauge] [DEBUG] Api Request Received: messageType:GetStepValueRequest messageId:4 stepValueRequest:<stepText:"Check that your location is shown correctly" > 
11-04-2021 13:28:50.814 [Gauge] [DEBUG] Sending API response: messageType:GetStepValueResponse messageId:4 stepValueResponse:<stepValue:<stepValue:"Check that your location is shown correctly" parameterizedStepValue:"Check that your location is shown correctly" > > 
11-04-2021 13:28:50.815 [Gauge] [DEBUG] Api Request Received: messageType:GetStepValueRequest messageId:4 stepValueRequest:<stepText:"Click menu bar on upper right corner" > 
11-04-2021 13:28:50.815 [Gauge] [DEBUG] Sending API response: messageType:GetStepValueResponse messageId:4 stepValueResponse:<stepValue:<stepValue:"Click menu bar on upper right corner" parameterizedStepValue:"Click menu bar on upper right corner" > > 
11-04-2021 13:28:50.816 [Gauge] [DEBUG] Api Request Received: messageType:GetStepValueRequest messageId:4 stepValueRequest:<stepText:"Click on the third ATM option" > 
11-04-2021 13:28:50.816 [Gauge] [DEBUG] Sending API response: messageType:GetStepValueResponse messageId:4 stepValueResponse:<stepValue:<stepValue:"Click on the third ATM option" parameterizedStepValue:"Click on the third ATM option" > > 
11-04-2021 13:28:50.816 [Gauge] [DEBUG] Api Request Received: messageType:GetStepValueRequest messageId:4 stepValueRequest:<stepText:"Click YOL TARIFI" > 
11-04-2021 13:28:50.816 [Gauge] [DEBUG] Sending API response: messageType:GetStepValueResponse messageId:4 stepValueResponse:<stepValue:<stepValue:"Click YOL TARIFI" parameterizedStepValue:"Click YOL TARIFI" > > 
11-04-2021 13:28:50.816 [Gauge] [DEBUG] Api Request Received: messageType:GetStepValueRequest messageId:4 stepValueRequest:<stepText:"Click ATM at the bottom of screen" > 
11-04-2021 13:28:50.816 [Gauge] [DEBUG] Sending API response: messageType:GetStepValueResponse messageId:4 stepValueResponse:<stepValue:<stepValue:"Click ATM at the bottom of screen" parameterizedStepValue:"Click ATM at the bottom of screen" > > 
11-04-2021 13:28:50.817 [Gauge] [DEBUG] Api Request Received: messageType:GetStepValueRequest messageId:4 stepValueRequest:<stepText:"Check Google Maps is opened for directions" > 
11-04-2021 13:28:50.817 [Gauge] [DEBUG] Sending API response: messageType:GetStepValueResponse messageId:4 stepValueResponse:<stepValue:<stepValue:"Check Google Maps is opened for directions" parameterizedStepValue:"Check Google Maps is opened for directions" > > 
11-04-2021 13:28:57.525 [Gauge] [DEBUG] Api Request Received: messageType:GetStepValueRequest messageId:4 stepValueRequest:<stepText:"Check that \"\304\260yi \303\274nler\" is seen" > 
11-04-2021 13:28:57.525 [Gauge] [DEBUG] Sending API response: messageType:GetStepValueResponse messageId:4 stepValueResponse:<stepValue:<stepValue:"Check that {} is seen" parameterizedStepValue:"Check that <\304\260yi \303\274nler> is seen" parameters:"\304\260yi \303\274nler" > > 
11-04-2021 13:28:57.768 [Gauge] [DEBUG] Api Request Received: messageType:GetStepValueRequest messageId:4 stepValueRequest:<stepText:"Check that \"\304\260yi g\303\274nler\" is seen" > 
11-04-2021 13:28:57.768 [Gauge] [DEBUG] Sending API response: messageType:GetStepValueResponse messageId:4 stepValueResponse:<stepValue:<stepValue:"Check that {} is seen" parameterizedStepValue:"Check that <\304\260yi g\303\274nler> is seen" parameters:"\304\260yi g\303\274nler" > > 
11-04-2021 13:29:00.859 [Gauge] [INFO] Spec file added / modified: C:\Users\YEK\Desktop\TestAutomationProjects\AkbankMobileTest\specs\example.spec
11-04-2021 13:29:00.861 [Gauge] [INFO] Spec file added / modified: C:\Users\YEK\Desktop\TestAutomationProjects\AkbankMobileTest\specs\example.spec
